Date : 27-May-2018
Type : p
EDA EVENTS: 7 | HR EVENTS: 63 | TEMP EVENTS: 0
mod: eda, time: 1.896250e+03, diff: 1.061773e+00 
mod: eda, time: 1.896750e+03, diff: 1.095368e+00 
mod: eda, time: 1.897250e+03, diff: 1.066764e+00 
mod: eda, time: 2.066250e+03, diff: 1.002858e+00 
mod: eda, time: 2.066750e+03, diff: 1.090991e+00 
mod: eda, time: 2.067250e+03, diff: 1.064739e+00 
mod: eda, time: 2.103250e+03, diff: 1.112252e+00 
mod: hr, time: 1.834250e+03, diff: 6.849330e-01 
mod: hr, time: 1.835750e+03, diff: 1.871660e+00 
mod: hr, time: 1.838250e+03, diff: 1.351353e+00 
mod: hr, time: 1.839250e+03, diff: 1.086956e+00 
mod: hr, time: 1.862250e+03, diff: 3.002610e+00 
mod: hr, time: 1.874250e+03, diff: 9.536800e-01 
mod: hr, time: 1.878250e+03, diff: 1.612904e+00 
mod: hr, time: 1.901250e+03, diff: 5.494500e-01 
mod: hr, time: 1.914750e+03, diff: 5.494500e-01 
mod: hr, time: 1.916250e+03, diff: 1.351353e+00 
mod: hr, time: 1.928250e+03, diff: 2.506596e+00 
mod: hr, time: 1.929750e+03, diff: 3.964195e+00 
mod: hr, time: 1.935750e+03, diff: 3.964195e+00 
mod: hr, time: 1.936750e+03, diff: 4.545456e+00 
mod: hr, time: 1.938250e+03, diff: 5.494500e-01 
mod: hr, time: 1.948250e+03, diff: 5.990220e+00 
mod: hr, time: 1.955750e+03, diff: 4.198475e+00 
mod: hr, time: 1.961750e+03, diff: 5.334988e+00 
mod: hr, time: 1.978250e+03, diff: 7.142857e+00 
mod: hr, time: 1.979250e+03, diff: 2 
mod: hr, time: 1.983750e+03, diff: 8.997723e+00 
mod: hr, time: 1.986750e+03, diff: 5.555557e+00 
mod: hr, time: 1.993250e+03, diff: 1.257796e+01 
mod: hr, time: 1.997750e+03, diff: 4.022987e+00 
mod: hr, time: 1.999250e+03, diff: 5.112220e+00 
mod: hr, time: 2.000250e+03, diff: 6.310680e+00 
mod: hr, time: 2.001750e+03, diff: 3.608246e+00 
mod: hr, time: 2.006250e+03, diff: 1.280992e+01 
mod: hr, time: 2.009250e+03, diff: 2.631580e+00 
mod: hr, time: 2.014750e+03, diff: 8.041958e+00 
mod: hr, time: 2.016250e+03, diff: 1.035242e+01 
mod: hr, time: 2.017750e+03, diff: 7.142857e+00 
mod: hr, time: 2.021250e+03, diff: 1.095445e+01 
mod: hr, time: 2.022750e+03, diff: 8.236660e+00 
mod: hr, time: 2.024250e+03, diff: 1.612904e+00 
mod: hr, time: 2.029750e+03, diff: 7.446808e+00 
mod: hr, time: 2.031250e+03, diff: 1.017699e+01 
mod: hr, time: 2.035250e+03, diff: 8.196700e-01 
mod: hr, time: 2.036750e+03, diff: 1.202532e+01 
mod: hr, time: 2.041250e+03, diff: 6.834534e+00 
mod: hr, time: 2.042750e+03, diff: 1.145610e+01 
mod: hr, time: 2.044250e+03, diff: 7.345970e+00 
mod: hr, time: 2.045250e+03, diff: 8.525345e+00 
mod: hr, time: 2.046750e+03, diff: 9.276016e+00 
mod: hr, time: 2.048250e+03, diff: 4.198475e+00 
mod: hr, time: 2.050750e+03, diff: 1.086956e+01 
mod: hr, time: 2.053750e+03, diff: 9.459460e+00 
mod: hr, time: 2.055250e+03, diff: 1.129032e+01 
mod: hr, time: 2.056750e+03, diff: 9.550560e+00 
mod: hr, time: 2.058250e+03, diff: 1.052632e+01 
mod: hr, time: 2.059750e+03, diff: 8.997723e+00 
mod: hr, time: 2.061250e+03, diff: 9.090908e+00 
mod: hr, time: 2.062750e+03, diff: 7.943924e+00 
mod: hr, time: 2.064250e+03, diff: 9.276016e+00 
mod: hr, time: 2.065250e+03, diff: 5.494500e-01 
mod: hr, time: 2.070750e+03, diff: 7.746480e+00 
mod: hr, time: 2.071750e+03, diff: 5.665024e+00 
mod: hr, time: 2.074750e+03, diff: 7.040573e+00 
mod: hr, time: 2.085250e+03, diff: 8.904110e+00 
mod: hr, time: 2.100250e+03, diff: 5.112220e+00 
mod: hr, time: 2.117750e+03, diff: 6.416466e+00 
mod: hr, time: 2.118750e+03, diff: 6.730770e+00 
mod: hr, time: 2.314250e+03, diff: 4.430378e+00 
---------------------------------------
Date : 27-May-2018
Type : c
EDA EVENTS: 264 | HR EVENTS: 9 | TEMP EVENTS: 0
mod: eda, time: 1.800250e+03, diff: 3.230037e+00 
mod: eda, time: 1.800750e+03, diff: 4.028443e+00 
mod: eda, time: 1.801250e+03, diff: 2.068138e+00 
mod: eda, time: 1.801750e+03, diff: 2.787924e+00 
mod: eda, time: 1.802250e+03, diff: 2.768701e+00 
mod: eda, time: 1.802750e+03, diff: 2.788361e+00 
mod: eda, time: 1.803250e+03, diff: 4.297120e+00 
mod: eda, time: 1.803750e+03, diff: 6.818192e+00 
mod: eda, time: 1.804250e+03, diff: 6.871693e+00 
mod: eda, time: 1.804750e+03, diff: 5.193586e+00 
mod: eda, time: 1.805250e+03, diff: 1.852184e+00 
mod: eda, time: 1.810750e+03, diff: 2.392141e+00 
mod: eda, time: 1.811250e+03, diff: 3.310867e+00 
mod: eda, time: 1.811750e+03, diff: 1.863773e+00 
mod: eda, time: 1.817250e+03, diff: 1.222577e+00 
mod: eda, time: 1.817750e+03, diff: 2.975696e+00 
mod: eda, time: 1.818250e+03, diff: 3.444122e+00 
mod: eda, time: 1.818750e+03, diff: 3.863733e+00 
mod: eda, time: 1.819250e+03, diff: 3.886726e+00 
mod: eda, time: 1.819750e+03, diff: 3.637607e+00 
mod: eda, time: 1.820250e+03, diff: 4.339206e+00 
mod: eda, time: 1.820750e+03, diff: 4.165841e+00 
mod: eda, time: 1.821250e+03, diff: 2.385625e+00 
mod: eda, time: 1.827750e+03, diff: 1.423841e+00 
mod: eda, time: 1.828250e+03, diff: 2.518041e+00 
mod: eda, time: 1.828750e+03, diff: 2.996869e+00 
mod: eda, time: 1.829250e+03, diff: 3.722422e+00 
mod: eda, time: 1.829750e+03, diff: 5.358981e+00 
mod: eda, time: 1.830250e+03, diff: 5.140325e+00 
mod: eda, time: 1.830750e+03, diff: 4.048346e+00 
mod: eda, time: 1.831250e+03, diff: 2.676669e+00 
mod: eda, time: 1.831750e+03, diff: 2.151809e+00 
mod: eda, time: 1.832250e+03, diff: 1.513857e+00 
mod: eda, time: 1.854750e+03, diff: 1.775059e+00 
mod: eda, time: 1.855250e+03, diff: 2.313734e+00 
mod: eda, time: 1.855750e+03, diff: 2.206900e+00 
mod: eda, time: 1.856250e+03, diff: 1.784898e+00 
mod: eda, time: 1.856750e+03, diff: 1.358137e+00 
mod: eda, time: 1.857250e+03, diff: 1.002004e+00 
mod: eda, time: 1.862750e+03, diff: 1.011562e+00 
mod: eda, time: 1.863250e+03, diff: 1.793122e+00 
mod: eda, time: 1.863750e+03, diff: 1.838612e+00 
mod: eda, time: 1.864250e+03, diff: 1.851272e+00 
mod: eda, time: 1.864750e+03, diff: 1.589047e+00 
mod: eda, time: 1.865250e+03, diff: 2.011305e+00 
mod: eda, time: 1.865750e+03, diff: 2.615048e+00 
mod: eda, time: 1.866250e+03, diff: 2.574187e+00 
mod: eda, time: 1.866750e+03, diff: 2.468082e+00 
mod: eda, time: 1.867250e+03, diff: 2.113522e+00 
mod: eda, time: 1.867750e+03, diff: 1.591721e+00 
mod: eda, time: 1.878750e+03, diff: 1.245930e+00 
mod: eda, time: 1.879250e+03, diff: 1.787737e+00 
mod: eda, time: 1.879750e+03, diff: 1.808111e+00 
mod: eda, time: 1.880250e+03, diff: 1.486237e+00 
mod: eda, time: 1.880750e+03, diff: 1.148829e+00 
mod: eda, time: 1.897750e+03, diff: 2.595332e+00 
mod: eda, time: 1.898250e+03, diff: 2.758393e+00 
mod: eda, time: 1.898750e+03, diff: 3.019475e+00 
mod: eda, time: 1.899250e+03, diff: 4.155968e+00 
mod: eda, time: 1.899750e+03, diff: 5.345167e+00 
mod: eda, time: 1.900250e+03, diff: 5.672207e+00 
mod: eda, time: 1.900750e+03, diff: 5.823659e+00 
mod: eda, time: 1.901250e+03, diff: 5.615347e+00 
mod: eda, time: 1.901750e+03, diff: 5.099210e+00 
mod: eda, time: 1.902250e+03, diff: 4.601752e+00 
mod: eda, time: 1.902750e+03, diff: 5.488289e+00 
mod: eda, time: 1.903250e+03, diff: 6.842919e+00 
mod: eda, time: 1.903750e+03, diff: 7.790922e+00 
mod: eda, time: 1.904250e+03, diff: 8.131791e+00 
mod: eda, time: 1.904750e+03, diff: 7.468205e+00 
mod: eda, time: 1.905250e+03, diff: 6.463607e+00 
mod: eda, time: 1.905750e+03, diff: 6.348249e+00 
mod: eda, time: 1.906250e+03, diff: 7.186370e+00 
mod: eda, time: 1.906750e+03, diff: 7.449809e+00 
mod: eda, time: 1.907250e+03, diff: 6.626287e+00 
mod: eda, time: 1.907750e+03, diff: 4.036152e+00 
mod: eda, time: 1.908250e+03, diff: 1.489732e+00 
mod: eda, time: 1.918750e+03, diff: 1.652418e+00 
mod: eda, time: 1.919250e+03, diff: 1.698101e+00 
mod: eda, time: 1.919750e+03, diff: 1.594565e+00 
mod: eda, time: 1.920250e+03, diff: 1.679634e+00 
mod: eda, time: 1.920750e+03, diff: 1.716063e+00 
mod: eda, time: 1.924250e+03, diff: 1.730641e+00 
mod: eda, time: 1.924750e+03, diff: 2.385941e+00 
mod: eda, time: 1.925250e+03, diff: 3.318266e+00 
mod: eda, time: 1.925750e+03, diff: 4.395836e+00 
mod: eda, time: 1.926250e+03, diff: 5.671293e+00 
mod: eda, time: 1.926750e+03, diff: 5.502604e+00 
mod: eda, time: 1.927250e+03, diff: 4.419014e+00 
mod: eda, time: 1.927750e+03, diff: 4.405603e+00 
mod: eda, time: 1.928250e+03, diff: 3.483462e+00 
mod: eda, time: 1.931750e+03, diff: 1.176631e+00 
mod: eda, time: 1.938750e+03, diff: 1.053294e+00 
mod: eda, time: 1.939250e+03, diff: 2.349295e+00 
mod: eda, time: 1.939750e+03, diff: 2.362798e+00 
mod: eda, time: 1.940250e+03, diff: 1.977882e+00 
mod: eda, time: 1.940750e+03, diff: 1.263917e+00 
mod: eda, time: 1.958750e+03, diff: 1.997901e+00 
mod: eda, time: 1.959250e+03, diff: 2.624871e+00 
mod: eda, time: 1.959750e+03, diff: 2.821580e+00 
mod: eda, time: 1.960250e+03, diff: 2.765837e+00 
mod: eda, time: 1.960750e+03, diff: 2.372813e+00 
mod: eda, time: 1.961250e+03, diff: 1.759582e+00 
mod: eda, time: 1.965750e+03, diff: 1.237213e+00 
mod: eda, time: 1.966250e+03, diff: 1.257878e+00 
mod: eda, time: 1.966750e+03, diff: 1.162197e+00 
mod: eda, time: 1.972750e+03, diff: 1.325917e+00 
mod: eda, time: 1.973250e+03, diff: 2.278665e+00 
mod: eda, time: 1.973750e+03, diff: 1.975544e+00 
mod: eda, time: 2.001750e+03, diff: 1.922677e+00 
mod: eda, time: 2.002250e+03, diff: 1.684214e+00 
mod: eda, time: 2.002750e+03, diff: 1.508484e+00 
mod: eda, time: 2.003250e+03, diff: 1.554550e+00 
mod: eda, time: 2.003750e+03, diff: 1.738588e+00 
mod: eda, time: 2.004250e+03, diff: 1.784863e+00 
mod: eda, time: 2.004750e+03, diff: 1.715936e+00 
mod: eda, time: 2.005250e+03, diff: 3.836781e+00 
mod: eda, time: 2.005750e+03, diff: 4.256872e+00 
mod: eda, time: 2.018250e+03, diff: 1.755282e+00 
mod: eda, time: 2.018750e+03, diff: 3.546618e+00 
mod: eda, time: 2.019250e+03, diff: 4.386272e+00 
mod: eda, time: 2.019750e+03, diff: 5.770551e+00 
mod: eda, time: 2.020250e+03, diff: 6.902336e+00 
mod: eda, time: 2.020750e+03, diff: 6.683370e+00 
mod: eda, time: 2.021250e+03, diff: 5.170188e+00 
mod: eda, time: 2.021750e+03, diff: 4.409134e+00 
mod: eda, time: 2.022250e+03, diff: 4.159137e+00 
mod: eda, time: 2.022750e+03, diff: 4.418533e+00 
mod: eda, time: 2.023250e+03, diff: 4.404670e+00 
mod: eda, time: 2.023750e+03, diff: 2.986391e+00 
mod: eda, time: 2.024250e+03, diff: 1.197051e+00 
mod: eda, time: 2.037750e+03, diff: 4.212444e+00 
mod: eda, time: 2.038250e+03, diff: 5.912560e+00 
mod: eda, time: 2.038750e+03, diff: 6.068834e+00 
mod: eda, time: 2.039250e+03, diff: 5.585267e+00 
mod: eda, time: 2.039750e+03, diff: 5.113843e+00 
mod: eda, time: 2.040250e+03, diff: 4.501046e+00 
mod: eda, time: 2.040750e+03, diff: 4.253036e+00 
mod: eda, time: 2.041250e+03, diff: 4.034123e+00 
mod: eda, time: 2.041750e+03, diff: 3.133214e+00 
mod: eda, time: 2.060750e+03, diff: 1.075915e+00 
mod: eda, time: 2.061250e+03, diff: 1.882383e+00 
mod: eda, time: 2.061750e+03, diff: 2.173437e+00 
mod: eda, time: 2.062250e+03, diff: 2.010425e+00 
mod: eda, time: 2.062750e+03, diff: 2.110578e+00 
mod: eda, time: 2.063250e+03, diff: 2.620256e+00 
mod: eda, time: 2.063750e+03, diff: 4.060760e+00 
mod: eda, time: 2.064250e+03, diff: 7.184480e+00 
mod: eda, time: 2.064750e+03, diff: 9.844757e+00 
mod: eda, time: 2.065250e+03, diff: 9.792975e+00 
mod: eda, time: 2.065750e+03, diff: 8.913197e+00 
mod: eda, time: 2.066250e+03, diff: 7.206029e+00 
mod: eda, time: 2.066750e+03, diff: 6.947115e+00 
mod: eda, time: 2.067250e+03, diff: 6.980986e+00 
mod: eda, time: 2.067750e+03, diff: 6.374181e+00 
mod: eda, time: 2.068250e+03, diff: 5.458444e+00 
mod: eda, time: 2.068750e+03, diff: 3.461404e+00 
mod: eda, time: 2.085250e+03, diff: 2.008954e+00 
mod: eda, time: 2.085750e+03, diff: 4.253252e+00 
mod: eda, time: 2.086250e+03, diff: 4.405168e+00 
mod: eda, time: 2.086750e+03, diff: 4.277879e+00 
mod: eda, time: 2.087250e+03, diff: 4.545209e+00 
mod: eda, time: 2.087750e+03, diff: 4.856352e+00 
mod: eda, time: 2.088250e+03, diff: 3.845587e+00 
mod: eda, time: 2.088750e+03, diff: 2.609422e+00 
mod: eda, time: 2.089250e+03, diff: 2.081535e+00 
mod: eda, time: 2.089750e+03, diff: 2.037368e+00 
mod: eda, time: 2.098250e+03, diff: 2.265387e+00 
mod: eda, time: 2.098750e+03, diff: 3.796125e+00 
mod: eda, time: 2.099250e+03, diff: 3.263846e+00 
mod: eda, time: 2.099750e+03, diff: 2.090493e+00 
mod: eda, time: 2.106750e+03, diff: 1.312986e+00 
mod: eda, time: 2.107250e+03, diff: 1.384829e+00 
mod: eda, time: 2.108250e+03, diff: 1.961214e+00 
mod: eda, time: 2.108750e+03, diff: 2.522958e+00 
mod: eda, time: 2.109750e+03, diff: 2.752710e+00 
mod: eda, time: 2.110250e+03, diff: 2.632170e+00 
mod: eda, time: 2.110750e+03, diff: 2.516616e+00 
mod: eda, time: 2.111250e+03, diff: 1.158902e+00 
mod: eda, time: 2.113250e+03, diff: 1.105475e+00 
mod: eda, time: 2.113750e+03, diff: 1.353873e+00 
mod: eda, time: 2.114250e+03, diff: 2.220441e+00 
mod: eda, time: 2.116750e+03, diff: 1.250413e+00 
mod: eda, time: 2.117250e+03, diff: 1.185763e+00 
mod: eda, time: 2.132750e+03, diff: 2.077820e+00 
mod: eda, time: 2.133250e+03, diff: 1.083530e+00 
mod: eda, time: 2.134250e+03, diff: 1.452111e+00 
mod: eda, time: 2.134750e+03, diff: 2.801819e+00 
mod: eda, time: 2.135250e+03, diff: 6.250183e+00 
mod: eda, time: 2.135750e+03, diff: 8.532391e+00 
mod: eda, time: 2.136250e+03, diff: 9.987999e+00 
mod: eda, time: 2.136750e+03, diff: 1.072977e+01 
mod: eda, time: 2.137250e+03, diff: 9.461550e+00 
mod: eda, time: 2.137750e+03, diff: 7.850231e+00 
mod: eda, time: 2.138250e+03, diff: 8.534467e+00 
mod: eda, time: 2.138750e+03, diff: 8.073013e+00 
mod: eda, time: 2.139250e+03, diff: 6.540128e+00 
mod: eda, time: 2.139750e+03, diff: 5.647751e+00 
mod: eda, time: 2.140250e+03, diff: 3.489209e+00 
mod: eda, time: 2.140750e+03, diff: 1.383597e+00 
mod: eda, time: 2.149750e+03, diff: 1.197995e+00 
mod: eda, time: 2.150250e+03, diff: 1.164309e+00 
mod: eda, time: 2.156750e+03, diff: 1.731908e+00 
mod: eda, time: 2.157250e+03, diff: 2.953789e+00 
mod: eda, time: 2.157750e+03, diff: 2.402789e+00 
mod: eda, time: 2.165750e+03, diff: 3.121156e+00 
mod: eda, time: 2.186250e+03, diff: 1.281987e+00 
mod: eda, time: 2.188250e+03, diff: 1.681441e+00 
mod: eda, time: 2.188750e+03, diff: 2.365958e+00 
mod: eda, time: 2.189250e+03, diff: 2.244527e+00 
mod: eda, time: 2.189750e+03, diff: 1.576093e+00 
mod: eda, time: 2.190250e+03, diff: 1.591427e+00 
mod: eda, time: 2.190750e+03, diff: 1.015958e+00 
mod: eda, time: 2.192750e+03, diff: 1.366920e+00 
mod: eda, time: 2.198250e+03, diff: 1.136665e+00 
mod: eda, time: 2.198750e+03, diff: 1.677446e+00 
mod: eda, time: 2.199250e+03, diff: 1.730725e+00 
mod: eda, time: 2.199750e+03, diff: 1.903639e+00 
mod: eda, time: 2.200250e+03, diff: 1.024271e+00 
mod: eda, time: 2.202250e+03, diff: 1.414348e+00 
mod: eda, time: 2.202750e+03, diff: 1.079714e+00 
mod: eda, time: 2.239750e+03, diff: 1.057953e+00 
mod: eda, time: 2.240250e+03, diff: 1.100090e+00 
mod: eda, time: 2.240750e+03, diff: 1.029647e+00 
mod: eda, time: 2.252250e+03, diff: 1.303251e+00 
mod: eda, time: 2.252750e+03, diff: 2.062416e+00 
mod: eda, time: 2.253250e+03, diff: 2.003387e+00 
mod: eda, time: 2.253750e+03, diff: 2.273332e+00 
mod: eda, time: 2.254250e+03, diff: 2.650275e+00 
mod: eda, time: 2.254750e+03, diff: 2.062507e+00 
mod: eda, time: 2.255250e+03, diff: 2.929480e+00 
mod: eda, time: 2.255750e+03, diff: 3.879741e+00 
mod: eda, time: 2.256250e+03, diff: 3.527293e+00 
mod: eda, time: 2.256750e+03, diff: 3.059600e+00 
mod: eda, time: 2.257250e+03, diff: 1.793719e+00 
mod: eda, time: 2.264750e+03, diff: 1.200186e+00 
mod: eda, time: 2.265250e+03, diff: 2.157171e+00 
mod: eda, time: 2.265750e+03, diff: 2.882967e+00 
mod: eda, time: 2.266250e+03, diff: 4.763989e+00 
mod: eda, time: 2.266750e+03, diff: 6.589066e+00 
mod: eda, time: 2.267250e+03, diff: 7.212269e+00 
mod: eda, time: 2.267750e+03, diff: 6.790679e+00 
mod: eda, time: 2.268250e+03, diff: 5.971166e+00 
mod: eda, time: 2.268750e+03, diff: 5.675506e+00 
mod: eda, time: 2.269250e+03, diff: 5.808449e+00 
mod: eda, time: 2.269750e+03, diff: 4.341182e+00 
mod: eda, time: 2.270250e+03, diff: 3.850858e+00 
mod: eda, time: 2.270750e+03, diff: 3.226472e+00 
mod: eda, time: 2.271250e+03, diff: 1.559454e+00 
mod: eda, time: 2.284250e+03, diff: 1.292265e+00 
mod: eda, time: 2.284750e+03, diff: 1.172704e+00 
mod: eda, time: 2.285250e+03, diff: 1.179253e+00 
mod: eda, time: 2.312250e+03, diff: 1.287588e+00 
mod: eda, time: 2.312750e+03, diff: 5.524055e+00 
mod: eda, time: 2.313250e+03, diff: 9.272264e+00 
mod: eda, time: 2.313750e+03, diff: 1.167163e+01 
mod: eda, time: 2.314250e+03, diff: 1.320959e+01 
mod: eda, time: 2.314750e+03, diff: 1.473241e+01 
mod: eda, time: 2.315250e+03, diff: 1.582498e+01 
mod: eda, time: 2.315750e+03, diff: 1.640862e+01 
mod: eda, time: 2.316250e+03, diff: 1.648936e+01 
mod: eda, time: 2.316750e+03, diff: 1.598439e+01 
mod: eda, time: 2.317250e+03, diff: 1.411580e+01 
mod: eda, time: 2.317750e+03, diff: 9.661460e+00 
mod: hr, time: 1.806750e+03, diff: 5.494500e-01 
mod: hr, time: 2.038750e+03, diff: 6.760570e+00 
mod: hr, time: 2.042750e+03, diff: 1.043478e+01 
mod: hr, time: 2.087750e+03, diff: 1.871660e+00 
mod: hr, time: 2.089750e+03, diff: 6.849330e-01 
mod: hr, time: 2.114750e+03, diff: 6.849330e-01 
mod: hr, time: 2.132750e+03, diff: 1.621620e+00 
mod: hr, time: 2.152250e+03, diff: 1.621620e+00 
mod: hr, time: 2.190750e+03, diff: 8.053700e-01 
---------------------------------------
