Date : 27-May-2018
Type : p
EDA EVENTS: 487 | HR EVENTS: 483 | TEMP EVENTS: 18
mod: eda, time: 5.425000e+01, diff: 1.115246e+00 
mod: eda, time: 5.475000e+01, diff: 1.241127e+00 
mod: eda, time: 5.525000e+01, diff: 1.300689e+00 
mod: eda, time: 5.575000e+01, diff: 1.361004e+00 
mod: eda, time: 5.625000e+01, diff: 1.316390e+00 
mod: eda, time: 5.675000e+01, diff: 1.082423e+00 
mod: eda, time: 5.975000e+01, diff: 1.166863e+00 
mod: eda, time: 6.025000e+01, diff: 1.328008e+00 
mod: eda, time: 6.075000e+01, diff: 1.315544e+00 
mod: eda, time: 6.125000e+01, diff: 1.434983e+00 
mod: eda, time: 6.175000e+01, diff: 1.358005e+00 
mod: eda, time: 6.225000e+01, diff: 1.337678e+00 
mod: eda, time: 6.275000e+01, diff: 1.417782e+00 
mod: eda, time: 6.325000e+01, diff: 1.509021e+00 
mod: eda, time: 6.375000e+01, diff: 1.425046e+00 
mod: eda, time: 6.425000e+01, diff: 1.114991e+00 
mod: eda, time: 1.132500e+02, diff: 1.267677e+00 
mod: eda, time: 1.137500e+02, diff: 1.378895e+00 
mod: eda, time: 1.142500e+02, diff: 1.375635e+00 
mod: eda, time: 1.147500e+02, diff: 1.361529e+00 
mod: eda, time: 1.152500e+02, diff: 1.479753e+00 
mod: eda, time: 1.157500e+02, diff: 1.498614e+00 
mod: eda, time: 1.162500e+02, diff: 1.385188e+00 
mod: eda, time: 1.167500e+02, diff: 1.105948e+00 
mod: eda, time: 1.462500e+02, diff: 1.243183e+00 
mod: eda, time: 1.467500e+02, diff: 3.987823e+00 
mod: eda, time: 1.472500e+02, diff: 8.546508e+00 
mod: eda, time: 1.482500e+02, diff: 6.958568e+00 
mod: eda, time: 1.487500e+02, diff: 5.289032e+00 
mod: eda, time: 1.492500e+02, diff: 4.810697e+00 
mod: eda, time: 1.497500e+02, diff: 5.481753e+00 
mod: eda, time: 1.502500e+02, diff: 1.557164e+01 
mod: eda, time: 1.507500e+02, diff: 1.239910e+01 
mod: eda, time: 1.512500e+02, diff: 1.430689e+01 
mod: eda, time: 1.517500e+02, diff: 1.527537e+01 
mod: eda, time: 1.532500e+02, diff: 3.230216e+01 
mod: eda, time: 1.537500e+02, diff: 2.328155e+01 
mod: eda, time: 1.542500e+02, diff: 2.307798e+01 
mod: eda, time: 1.547500e+02, diff: 2.267477e+01 
mod: eda, time: 1.552500e+02, diff: 1.243342e+01 
mod: eda, time: 1.557500e+02, diff: 1.537573e+01 
mod: eda, time: 1.562500e+02, diff: 1.324272e+01 
mod: eda, time: 1.567500e+02, diff: 1.057482e+01 
mod: eda, time: 1.572500e+02, diff: 2.634441e+01 
mod: eda, time: 1.577500e+02, diff: 1.671625e+01 
mod: eda, time: 4.512500e+02, diff: 1.054028e+00 
mod: eda, time: 4.517500e+02, diff: 1.183839e+00 
mod: eda, time: 4.522500e+02, diff: 1.237216e+00 
mod: eda, time: 4.527500e+02, diff: 1.206606e+00 
mod: eda, time: 4.532500e+02, diff: 1.141006e+00 
mod: eda, time: 4.537500e+02, diff: 1.090890e+00 
mod: eda, time: 4.542500e+02, diff: 1.074879e+00 
mod: eda, time: 4.952500e+02, diff: 1.326256e+01 
mod: eda, time: 4.962500e+02, diff: 1.295445e+01 
mod: eda, time: 4.967500e+02, diff: 1.374350e+01 
mod: eda, time: 4.972500e+02, diff: 1.433358e+01 
mod: eda, time: 4.977500e+02, diff: 1.568563e+01 
mod: eda, time: 4.982500e+02, diff: 1.612782e+01 
mod: eda, time: 4.987500e+02, diff: 8.349335e+00 
mod: eda, time: 4.992500e+02, diff: 2.979569e+00 
mod: eda, time: 4.997500e+02, diff: 3.632696e+00 
mod: eda, time: 5.102500e+02, diff: 3.145478e+00 
mod: eda, time: 5.107500e+02, diff: 3.324872e+00 
mod: eda, time: 5.187500e+02, diff: 1.000589e+00 
mod: eda, time: 5.192500e+02, diff: 1.026908e+00 
mod: eda, time: 5.197500e+02, diff: 1.085367e+00 
mod: eda, time: 5.202500e+02, diff: 5.638230e+00 
mod: eda, time: 5.207500e+02, diff: 9.667671e+00 
mod: eda, time: 5.212500e+02, diff: 7.076174e+00 
mod: eda, time: 5.217500e+02, diff: 5.631878e+00 
mod: eda, time: 5.222500e+02, diff: 3.718962e+00 
mod: eda, time: 5.227500e+02, diff: 5.856883e+00 
mod: eda, time: 5.232500e+02, diff: 9.785247e+00 
mod: eda, time: 5.237500e+02, diff: 1.129507e+01 
mod: eda, time: 5.242500e+02, diff: 1.036079e+01 
mod: eda, time: 5.247500e+02, diff: 5.908496e+00 
mod: eda, time: 5.267500e+02, diff: 1.508225e+00 
mod: eda, time: 5.272500e+02, diff: 5.518309e+00 
mod: eda, time: 5.277500e+02, diff: 5.755204e+00 
mod: eda, time: 5.302500e+02, diff: 3.562904e+00 
mod: eda, time: 5.307500e+02, diff: 2.884072e+00 
mod: eda, time: 5.312500e+02, diff: 7.607243e+00 
mod: eda, time: 5.317500e+02, diff: 6.125138e+00 
mod: eda, time: 5.322500e+02, diff: 1.016168e+01 
mod: eda, time: 5.327500e+02, diff: 7.786394e+00 
mod: eda, time: 5.332500e+02, diff: 1.342539e+01 
mod: eda, time: 5.337500e+02, diff: 1.942864e+01 
mod: eda, time: 5.342500e+02, diff: 1.912757e+01 
mod: eda, time: 5.347500e+02, diff: 1.336604e+01 
mod: eda, time: 5.352500e+02, diff: 1.370125e+01 
mod: eda, time: 5.357500e+02, diff: 1.380840e+01 
mod: eda, time: 5.362500e+02, diff: 9.070623e+00 
mod: eda, time: 5.367500e+02, diff: 3.350887e+00 
mod: eda, time: 5.372500e+02, diff: 1.283636e+00 
mod: eda, time: 5.377500e+02, diff: 1.252835e+00 
mod: eda, time: 5.382500e+02, diff: 2.617522e+00 
mod: eda, time: 5.387500e+02, diff: 1.737064e+00 
mod: eda, time: 5.397500e+02, diff: 2.144870e+00 
mod: eda, time: 5.402500e+02, diff: 1.478585e+00 
mod: eda, time: 5.412500e+02, diff: 1.006979e+00 
mod: eda, time: 5.417500e+02, diff: 4.783462e+00 
mod: eda, time: 5.602500e+02, diff: 1.484998e+00 
mod: eda, time: 5.692500e+02, diff: 1.953168e+00 
mod: eda, time: 5.732500e+02, diff: 1.341240e+00 
mod: eda, time: 5.937500e+02, diff: 1.003988e+00 
mod: eda, time: 6.467500e+02, diff: 1.126605e+00 
mod: eda, time: 6.472500e+02, diff: 1.691895e+00 
mod: eda, time: 6.477500e+02, diff: 1.074771e+00 
mod: eda, time: 7.547500e+02, diff: 1.029170e+00 
mod: eda, time: 7.552500e+02, diff: 1.135365e+00 
mod: eda, time: 7.557500e+02, diff: 1.063569e+00 
mod: eda, time: 7.937500e+02, diff: 1.090858e+00 
mod: eda, time: 7.942500e+02, diff: 1.174896e+00 
mod: eda, time: 7.947500e+02, diff: 1.306801e+00 
mod: eda, time: 7.952500e+02, diff: 1.588354e+00 
mod: eda, time: 7.957500e+02, diff: 1.912967e+00 
mod: eda, time: 7.962500e+02, diff: 2.165447e+00 
mod: eda, time: 7.967500e+02, diff: 2.146856e+00 
mod: eda, time: 7.972500e+02, diff: 1.894073e+00 
mod: eda, time: 7.977500e+02, diff: 1.445052e+00 
mod: eda, time: 7.982500e+02, diff: 1.179317e+00 
mod: eda, time: 7.987500e+02, diff: 1.120835e+00 
mod: eda, time: 7.992500e+02, diff: 1.131326e+00 
mod: eda, time: 8.122500e+02, diff: 1.001724e+00 
mod: eda, time: 8.127500e+02, diff: 1.150162e+00 
mod: eda, time: 8.132500e+02, diff: 1.021065e+00 
mod: eda, time: 8.252500e+02, diff: 1.033253e+00 
mod: eda, time: 8.257500e+02, diff: 1.099013e+00 
mod: eda, time: 8.262500e+02, diff: 1.091946e+00 
mod: eda, time: 8.282500e+02, diff: 1.030327e+00 
mod: eda, time: 8.287500e+02, diff: 1.643484e+00 
mod: eda, time: 8.292500e+02, diff: 1.727750e+00 
mod: eda, time: 8.297500e+02, diff: 1.503912e+00 
mod: eda, time: 8.302500e+02, diff: 1.285426e+00 
mod: eda, time: 8.307500e+02, diff: 1.081049e+00 
mod: eda, time: 8.312500e+02, diff: 1.035612e+00 
mod: eda, time: 8.317500e+02, diff: 1.326373e+00 
mod: eda, time: 8.322500e+02, diff: 1.624507e+00 
mod: eda, time: 8.327500e+02, diff: 1.829219e+00 
mod: eda, time: 8.332500e+02, diff: 1.469007e+00 
mod: eda, time: 8.357500e+02, diff: 1.267794e+00 
mod: eda, time: 8.362500e+02, diff: 1.321072e+00 
mod: eda, time: 8.367500e+02, diff: 1.216117e+00 
mod: eda, time: 8.372500e+02, diff: 1.045838e+00 
mod: eda, time: 9.077500e+02, diff: 1.035932e+00 
mod: eda, time: 9.082500e+02, diff: 1.213519e+00 
mod: eda, time: 9.087500e+02, diff: 1.136371e+00 
mod: eda, time: 9.342500e+02, diff: 1.038418e+00 
mod: eda, time: 9.547500e+02, diff: 4.437516e+00 
mod: eda, time: 9.552500e+02, diff: 9.049816e+00 
mod: eda, time: 9.557500e+02, diff: 9.315751e+00 
mod: eda, time: 9.562500e+02, diff: 1.502631e+01 
mod: eda, time: 9.567500e+02, diff: 1.705402e+01 
mod: eda, time: 9.572500e+02, diff: 1.815377e+01 
mod: eda, time: 9.577500e+02, diff: 1.865763e+01 
mod: eda, time: 9.582500e+02, diff: 1.844672e+01 
mod: eda, time: 9.587500e+02, diff: 1.815548e+01 
mod: eda, time: 9.592500e+02, diff: 1.737461e+01 
mod: eda, time: 9.597500e+02, diff: 1.367240e+01 
mod: eda, time: 9.602500e+02, diff: 8.350069e+00 
mod: eda, time: 9.607500e+02, diff: 8.184345e+00 
mod: eda, time: 9.612500e+02, diff: 2.636697e+00 
mod: eda, time: 1.003250e+03, diff: 3.000038e+00 
mod: eda, time: 1.003750e+03, diff: 2.895902e+00 
mod: eda, time: 1.004250e+03, diff: 3.483347e+00 
mod: eda, time: 1.004750e+03, diff: 6.302428e+00 
mod: eda, time: 1.005250e+03, diff: 7.368204e+00 
mod: eda, time: 1.005750e+03, diff: 6.982352e+00 
mod: eda, time: 1.006250e+03, diff: 7.465345e+00 
mod: eda, time: 1.006750e+03, diff: 7.653749e+00 
mod: eda, time: 1.007250e+03, diff: 7.879839e+00 
mod: eda, time: 1.007750e+03, diff: 7.936081e+00 
mod: eda, time: 1.008250e+03, diff: 4.878523e+00 
mod: eda, time: 1.008750e+03, diff: 5.143595e+00 
mod: eda, time: 1.009250e+03, diff: 4.774260e+00 
mod: eda, time: 1.009750e+03, diff: 2.055825e+00 
mod: eda, time: 1.010250e+03, diff: 1.255795e+00 
mod: eda, time: 1.010750e+03, diff: 1.872510e+00 
mod: eda, time: 1.011250e+03, diff: 1.542028e+00 
mod: eda, time: 1.011750e+03, diff: 1.507032e+00 
mod: eda, time: 1.012250e+03, diff: 1.260877e+00 
mod: eda, time: 1.012750e+03, diff: 1.227982e+00 
mod: eda, time: 1.013250e+03, diff: 1.657705e+00 
mod: eda, time: 1.013750e+03, diff: 1.569845e+00 
mod: eda, time: 1.014250e+03, diff: 1.404613e+00 
mod: eda, time: 1.014750e+03, diff: 1.352537e+00 
mod: eda, time: 1.015250e+03, diff: 1.142584e+00 
mod: eda, time: 1.063750e+03, diff: 1.557545e+00 
mod: eda, time: 1.064250e+03, diff: 1.367758e+00 
mod: eda, time: 1.064750e+03, diff: 1.438310e+00 
mod: eda, time: 1.065250e+03, diff: 1.604972e+00 
mod: eda, time: 1.065750e+03, diff: 2.541981e+00 
mod: eda, time: 1.066250e+03, diff: 2.618111e+00 
mod: eda, time: 1.066750e+03, diff: 1.718567e+00 
mod: eda, time: 1.076750e+03, diff: 1.316479e+00 
mod: eda, time: 1.077250e+03, diff: 2.223639e+00 
mod: eda, time: 1.082750e+03, diff: 1.530671e+00 
mod: eda, time: 1.083250e+03, diff: 1.664328e+00 
mod: eda, time: 1.083750e+03, diff: 1.085708e+00 
mod: eda, time: 1.093250e+03, diff: 1.328463e+00 
mod: eda, time: 1.093750e+03, diff: 3.583159e+00 
mod: eda, time: 1.113750e+03, diff: 3.389518e+00 
mod: eda, time: 1.114250e+03, diff: 1.330902e+01 
mod: eda, time: 1.114750e+03, diff: 1.680480e+01 
mod: eda, time: 1.115250e+03, diff: 1.716765e+01 
mod: eda, time: 1.115750e+03, diff: 1.208604e+01 
mod: eda, time: 1.116250e+03, diff: 1.336255e+01 
mod: eda, time: 1.116750e+03, diff: 1.633260e+01 
mod: eda, time: 1.117250e+03, diff: 1.710959e+01 
mod: eda, time: 1.117750e+03, diff: 1.984506e+01 
mod: eda, time: 1.118250e+03, diff: 1.573145e+01 
mod: eda, time: 1.118750e+03, diff: 1.316453e+01 
mod: eda, time: 1.119250e+03, diff: 9.072629e+00 
mod: eda, time: 1.119750e+03, diff: 8.322868e+00 
mod: eda, time: 1.120250e+03, diff: 5.922671e+00 
mod: eda, time: 1.120750e+03, diff: 4.319816e+00 
mod: eda, time: 1.121250e+03, diff: 3.455664e+00 
mod: eda, time: 1.121750e+03, diff: 1.695122e+00 
mod: eda, time: 1.122250e+03, diff: 1.457318e+00 
mod: eda, time: 1.122750e+03, diff: 1.222674e+00 
mod: eda, time: 1.162250e+03, diff: 1.101237e+00 
mod: eda, time: 1.162750e+03, diff: 1.164026e+00 
mod: eda, time: 1.163250e+03, diff: 1.437189e+00 
mod: eda, time: 1.163750e+03, diff: 1.566524e+00 
mod: eda, time: 1.164250e+03, diff: 1.335171e+00 
mod: eda, time: 1.164750e+03, diff: 1.197099e+00 
mod: eda, time: 1.165250e+03, diff: 1.029929e+00 
mod: eda, time: 1.203750e+03, diff: 3.220184e+00 
mod: eda, time: 1.204250e+03, diff: 1.628655e+00 
mod: eda, time: 1.205250e+03, diff: 2.292534e+00 
mod: eda, time: 1.205750e+03, diff: 1.010042e+01 
mod: eda, time: 1.206250e+03, diff: 1.873029e+01 
mod: eda, time: 1.206750e+03, diff: 2.057063e+01 
mod: eda, time: 1.207250e+03, diff: 2.286115e+01 
mod: eda, time: 1.207750e+03, diff: 2.411266e+01 
mod: eda, time: 1.208250e+03, diff: 2.471784e+01 
mod: eda, time: 1.208750e+03, diff: 2.184337e+01 
mod: eda, time: 1.209250e+03, diff: 2.365013e+01 
mod: eda, time: 1.209750e+03, diff: 2.493847e+01 
mod: eda, time: 1.210250e+03, diff: 2.316958e+01 
mod: eda, time: 1.210750e+03, diff: 1.515225e+01 
mod: eda, time: 1.211250e+03, diff: 6.266666e+00 
mod: eda, time: 1.211750e+03, diff: 4.307194e+00 
mod: eda, time: 1.212250e+03, diff: 1.856953e+00 
mod: eda, time: 1.248250e+03, diff: 1.271921e+00 
mod: eda, time: 1.248750e+03, diff: 1.311921e+00 
mod: eda, time: 1.270750e+03, diff: 1.370377e+00 
mod: eda, time: 1.271250e+03, diff: 1.922420e+00 
mod: eda, time: 1.271750e+03, diff: 2.317837e+00 
mod: eda, time: 1.272250e+03, diff: 2.510821e+00 
mod: eda, time: 1.272750e+03, diff: 2.530191e+00 
mod: eda, time: 1.273250e+03, diff: 2.438103e+00 
mod: eda, time: 1.273750e+03, diff: 2.214980e+00 
mod: eda, time: 1.274250e+03, diff: 2.051815e+00 
mod: eda, time: 1.274750e+03, diff: 1.837259e+00 
mod: eda, time: 1.275250e+03, diff: 1.294785e+00 
mod: eda, time: 1.289250e+03, diff: 1.066452e+00 
mod: eda, time: 1.304750e+03, diff: 1.019962e+00 
mod: eda, time: 1.339250e+03, diff: 1.295937e+00 
mod: eda, time: 1.339750e+03, diff: 1.523298e+00 
mod: eda, time: 1.340250e+03, diff: 1.622067e+00 
mod: eda, time: 1.340750e+03, diff: 1.816144e+00 
mod: eda, time: 1.341250e+03, diff: 1.961472e+00 
mod: eda, time: 1.341750e+03, diff: 1.807067e+00 
mod: eda, time: 1.342250e+03, diff: 1.736960e+00 
mod: eda, time: 1.342750e+03, diff: 1.701280e+00 
mod: eda, time: 1.343250e+03, diff: 1.462930e+00 
mod: eda, time: 1.354750e+03, diff: 1.154063e+00 
mod: eda, time: 1.355250e+03, diff: 1.229376e+00 
mod: eda, time: 1.355750e+03, diff: 1.108048e+00 
mod: eda, time: 1.357750e+03, diff: 1.453269e+00 
mod: eda, time: 1.358250e+03, diff: 2.092241e+00 
mod: eda, time: 1.358750e+03, diff: 2.190983e+00 
mod: eda, time: 1.359250e+03, diff: 1.907675e+00 
mod: eda, time: 1.359750e+03, diff: 1.363412e+00 
mod: eda, time: 1.383750e+03, diff: 2.142278e+00 
mod: eda, time: 1.384250e+03, diff: 2.325247e+00 
mod: eda, time: 1.384750e+03, diff: 2.050661e+00 
mod: eda, time: 1.385250e+03, diff: 1.728257e+00 
mod: eda, time: 1.385750e+03, diff: 1.592432e+00 
mod: eda, time: 1.386250e+03, diff: 1.358551e+00 
mod: eda, time: 1.387750e+03, diff: 1.001873e+00 
mod: eda, time: 1.388250e+03, diff: 1.077631e+00 
mod: eda, time: 1.491750e+03, diff: 1.251828e+00 
mod: eda, time: 1.492250e+03, diff: 2.050219e+00 
mod: eda, time: 1.493250e+03, diff: 3.001810e+00 
mod: eda, time: 1.493750e+03, diff: 3.687874e+00 
mod: eda, time: 1.494250e+03, diff: 3.850514e+00 
mod: eda, time: 1.494750e+03, diff: 3.802250e+00 
mod: eda, time: 1.495250e+03, diff: 3.932507e+00 
mod: eda, time: 1.495750e+03, diff: 4.123887e+00 
mod: eda, time: 1.496250e+03, diff: 4.338422e+00 
mod: eda, time: 1.496750e+03, diff: 4.349071e+00 
mod: eda, time: 1.497250e+03, diff: 2.962492e+00 
mod: eda, time: 1.497750e+03, diff: 1.984801e+00 
mod: eda, time: 1.510250e+03, diff: 1.063367e+00 
mod: eda, time: 1.510750e+03, diff: 1.620210e+00 
mod: eda, time: 1.511250e+03, diff: 1.803312e+00 
mod: eda, time: 1.511750e+03, diff: 1.357618e+00 
mod: eda, time: 1.512250e+03, diff: 1.044205e+00 
mod: eda, time: 1.528750e+03, diff: 1.104599e+00 
mod: eda, time: 1.529250e+03, diff: 1.264206e+00 
mod: eda, time: 1.529750e+03, diff: 1.195019e+00 
mod: eda, time: 1.530250e+03, diff: 1.244674e+00 
mod: eda, time: 1.530750e+03, diff: 1.276668e+00 
mod: eda, time: 1.531250e+03, diff: 1.419901e+00 
mod: eda, time: 1.531750e+03, diff: 1.120728e+00 
mod: eda, time: 1.539750e+03, diff: 1.298174e+00 
mod: eda, time: 1.540250e+03, diff: 1.779430e+00 
mod: eda, time: 1.540750e+03, diff: 1.861812e+00 
mod: eda, time: 1.541250e+03, diff: 1.760456e+00 
mod: eda, time: 1.541750e+03, diff: 1.421784e+00 
mod: eda, time: 1.542250e+03, diff: 1.040193e+00 
mod: eda, time: 1.543750e+03, diff: 1.075995e+00 
mod: eda, time: 1.780750e+03, diff: 1.796748e+00 
mod: eda, time: 1.781250e+03, diff: 2.799690e+00 
mod: eda, time: 1.781750e+03, diff: 3.452007e+00 
mod: eda, time: 1.782250e+03, diff: 3.574248e+00 
mod: eda, time: 1.782750e+03, diff: 3.520625e+00 
mod: eda, time: 1.783250e+03, diff: 3.714168e+00 
mod: eda, time: 1.783750e+03, diff: 4.167638e+00 
mod: eda, time: 1.784250e+03, diff: 4.636258e+00 
mod: eda, time: 1.784750e+03, diff: 4.607835e+00 
mod: eda, time: 1.785250e+03, diff: 4.193202e+00 
mod: eda, time: 1.785750e+03, diff: 3.263419e+00 
mod: eda, time: 1.786250e+03, diff: 2.091687e+00 
mod: eda, time: 1.786750e+03, diff: 1.520529e+00 
mod: eda, time: 1.787250e+03, diff: 1.704071e+00 
mod: eda, time: 1.787750e+03, diff: 2.070770e+00 
mod: eda, time: 1.788250e+03, diff: 1.979201e+00 
mod: eda, time: 1.788750e+03, diff: 1.460958e+00 
mod: eda, time: 1.789250e+03, diff: 1.101100e+00 
mod: eda, time: 1.789750e+03, diff: 1.287961e+00 
mod: eda, time: 1.790250e+03, diff: 1.409858e+00 
mod: eda, time: 1.790750e+03, diff: 1.351978e+00 
mod: eda, time: 1.791250e+03, diff: 1.221550e+00 
mod: eda, time: 1.797250e+03, diff: 1.187636e+00 
mod: eda, time: 1.797750e+03, diff: 1.174100e+00 
mod: eda, time: 1.798250e+03, diff: 1.055526e+00 
mod: eda, time: 1.836750e+03, diff: 1.273075e+00 
mod: eda, time: 1.837250e+03, diff: 1.606292e+00 
mod: eda, time: 1.837750e+03, diff: 1.787383e+00 
mod: eda, time: 1.838250e+03, diff: 1.715655e+00 
mod: eda, time: 1.838750e+03, diff: 1.673921e+00 
mod: eda, time: 1.839250e+03, diff: 1.568916e+00 
mod: eda, time: 1.839750e+03, diff: 1.344118e+00 
mod: eda, time: 1.840250e+03, diff: 1.202779e+00 
mod: eda, time: 1.846750e+03, diff: 1.444472e+00 
mod: eda, time: 1.847750e+03, diff: 1.967595e+00 
mod: eda, time: 1.848250e+03, diff: 2.452879e+00 
mod: eda, time: 1.848750e+03, diff: 2.616365e+00 
mod: eda, time: 1.849250e+03, diff: 2.358686e+00 
mod: eda, time: 1.849750e+03, diff: 2.213515e+00 
mod: eda, time: 1.850250e+03, diff: 2.156099e+00 
mod: eda, time: 1.850750e+03, diff: 2.118497e+00 
mod: eda, time: 1.851250e+03, diff: 2.166510e+00 
mod: eda, time: 1.851750e+03, diff: 1.651546e+00 
mod: eda, time: 1.854250e+03, diff: 1.303656e+00 
mod: eda, time: 1.854750e+03, diff: 1.941671e+00 
mod: eda, time: 1.855250e+03, diff: 2.097597e+00 
mod: eda, time: 1.855750e+03, diff: 1.926218e+00 
mod: eda, time: 1.856250e+03, diff: 1.686705e+00 
mod: eda, time: 1.856750e+03, diff: 1.450737e+00 
mod: eda, time: 1.857250e+03, diff: 1.251193e+00 
mod: eda, time: 1.893250e+03, diff: 1.120814e+00 
mod: eda, time: 1.893750e+03, diff: 1.319317e+00 
mod: eda, time: 1.894250e+03, diff: 1.454902e+00 
mod: eda, time: 1.894750e+03, diff: 1.651703e+00 
mod: eda, time: 1.895250e+03, diff: 1.756729e+00 
mod: eda, time: 1.895750e+03, diff: 1.539428e+00 
mod: eda, time: 1.896250e+03, diff: 1.285746e+00 
mod: eda, time: 1.896750e+03, diff: 1.089056e+00 
mod: eda, time: 1.906250e+03, diff: 1.767424e+00 
mod: eda, time: 1.906750e+03, diff: 2.331196e+00 
mod: eda, time: 1.907250e+03, diff: 2.410085e+00 
mod: eda, time: 1.907750e+03, diff: 2.397968e+00 
mod: eda, time: 1.908250e+03, diff: 2.156668e+00 
mod: eda, time: 1.908750e+03, diff: 2.316173e+00 
mod: eda, time: 1.909250e+03, diff: 2.859799e+00 
mod: eda, time: 1.909750e+03, diff: 2.020648e+00 
mod: eda, time: 1.910250e+03, diff: 1.555385e+00 
mod: eda, time: 1.910750e+03, diff: 1.833116e+00 
mod: eda, time: 1.911250e+03, diff: 1.182122e+00 
mod: eda, time: 1.911750e+03, diff: 1.003889e+00 
mod: eda, time: 1.912250e+03, diff: 1.231711e+00 
mod: eda, time: 1.912750e+03, diff: 1.389246e+00 
mod: eda, time: 1.913250e+03, diff: 1.766432e+00 
mod: eda, time: 1.913750e+03, diff: 1.861374e+00 
mod: eda, time: 1.914250e+03, diff: 1.697848e+00 
mod: eda, time: 1.914750e+03, diff: 2.107940e+00 
mod: eda, time: 1.915250e+03, diff: 2.231185e+00 
mod: eda, time: 1.915750e+03, diff: 1.613025e+00 
mod: eda, time: 1.916250e+03, diff: 1.165032e+00 
mod: eda, time: 1.922250e+03, diff: 1.757666e+00 
mod: eda, time: 1.922750e+03, diff: 2.515474e+00 
mod: eda, time: 1.923250e+03, diff: 2.570678e+00 
mod: eda, time: 1.923750e+03, diff: 2.714807e+00 
mod: eda, time: 1.924250e+03, diff: 2.263086e+00 
mod: eda, time: 1.924750e+03, diff: 1.573353e+00 
mod: eda, time: 1.925250e+03, diff: 1.222818e+00 
mod: eda, time: 1.925750e+03, diff: 1.301723e+00 
mod: eda, time: 1.926250e+03, diff: 1.418432e+00 
mod: eda, time: 1.926750e+03, diff: 1.290130e+00 
mod: eda, time: 1.930750e+03, diff: 1.107007e+00 
mod: eda, time: 1.931250e+03, diff: 1.399359e+00 
mod: eda, time: 1.931750e+03, diff: 1.457241e+00 
mod: eda, time: 1.932250e+03, diff: 1.132759e+00 
mod: eda, time: 1.932750e+03, diff: 1.001926e+00 
mod: eda, time: 1.933250e+03, diff: 1.275561e+00 
mod: eda, time: 1.933750e+03, diff: 1.690667e+00 
mod: eda, time: 1.934250e+03, diff: 1.883951e+00 
mod: eda, time: 1.934750e+03, diff: 1.762364e+00 
mod: eda, time: 1.935250e+03, diff: 1.120245e+00 
mod: eda, time: 1.954250e+03, diff: 1.214424e+00 
mod: eda, time: 1.954750e+03, diff: 1.037495e+00 
mod: eda, time: 1.962750e+03, diff: 1.524483e+00 
mod: eda, time: 1.979750e+03, diff: 1.025284e+00 
mod: eda, time: 1.980250e+03, diff: 1.347235e+00 
mod: eda, time: 1.980750e+03, diff: 1.445294e+00 
mod: eda, time: 1.981250e+03, diff: 1.391738e+00 
mod: eda, time: 1.994750e+03, diff: 1.427226e+00 
mod: eda, time: 1.995250e+03, diff: 1.713427e+00 
mod: eda, time: 1.995750e+03, diff: 1.659074e+00 
mod: eda, time: 1.996250e+03, diff: 1.574201e+00 
mod: eda, time: 1.996750e+03, diff: 1.445588e+00 
mod: eda, time: 1.997250e+03, diff: 1.288634e+00 
mod: eda, time: 2.010250e+03, diff: 1.173347e+00 
mod: eda, time: 2.040250e+03, diff: 2.023098e+00 
mod: eda, time: 2.040750e+03, diff: 8.530678e+00 
mod: eda, time: 2.041250e+03, diff: 8.800171e+00 
mod: eda, time: 2.041750e+03, diff: 2.598438e+00 
mod: eda, time: 2.042750e+03, diff: 1.356057e+00 
mod: eda, time: 2.043250e+03, diff: 2.122505e+00 
mod: eda, time: 2.043750e+03, diff: 3.100214e+00 
mod: eda, time: 2.044250e+03, diff: 3.948040e+00 
mod: eda, time: 2.044750e+03, diff: 4.792207e+00 
mod: eda, time: 2.045250e+03, diff: 2.970850e+00 
mod: eda, time: 2.045750e+03, diff: 2.623129e+00 
mod: eda, time: 2.046250e+03, diff: 2.013790e+00 
mod: eda, time: 2.046750e+03, diff: 3.502110e+00 
mod: eda, time: 2.047250e+03, diff: 3.533536e+00 
mod: eda, time: 2.047750e+03, diff: 2.857083e+00 
mod: eda, time: 2.048250e+03, diff: 1.781454e+00 
mod: eda, time: 2.170250e+03, diff: 1.051028e+00 
mod: eda, time: 2.170750e+03, diff: 1.179142e+00 
mod: eda, time: 2.171250e+03, diff: 1.442256e+00 
mod: eda, time: 2.171750e+03, diff: 1.852336e+00 
mod: eda, time: 2.172250e+03, diff: 2.440559e+00 
mod: eda, time: 2.172750e+03, diff: 2.792893e+00 
mod: eda, time: 2.173250e+03, diff: 3.318547e+00 
mod: eda, time: 2.173750e+03, diff: 3.996064e+00 
mod: eda, time: 2.174250e+03, diff: 4.259318e+00 
mod: eda, time: 2.174750e+03, diff: 4.260453e+00 
mod: eda, time: 2.175250e+03, diff: 3.843961e+00 
mod: eda, time: 2.175750e+03, diff: 3.641317e+00 
mod: eda, time: 2.176250e+03, diff: 3.529669e+00 
mod: eda, time: 2.176750e+03, diff: 3.172375e+00 
mod: eda, time: 2.177250e+03, diff: 3.101640e+00 
mod: eda, time: 2.177750e+03, diff: 3.214421e+00 
mod: eda, time: 2.178250e+03, diff: 2.844062e+00 
mod: eda, time: 2.178750e+03, diff: 1.802696e+00 
mod: eda, time: 2.179250e+03, diff: 1.147801e+00 
mod: eda, time: 2.186750e+03, diff: 1.630655e+00 
mod: eda, time: 2.187250e+03, diff: 2.305897e+00 
mod: eda, time: 2.187750e+03, diff: 2.822249e+00 
mod: eda, time: 2.188250e+03, diff: 1.880917e+00 
mod: eda, time: 2.188750e+03, diff: 3.607051e+00 
mod: eda, time: 2.189250e+03, diff: 4.253346e+00 
mod: eda, time: 2.189750e+03, diff: 4.028137e+00 
mod: eda, time: 2.190250e+03, diff: 3.901428e+00 
mod: eda, time: 2.190750e+03, diff: 1.272964e+00 
mod: eda, time: 2.204250e+03, diff: 3.839352e+00 
mod: eda, time: 2.204750e+03, diff: 4.100697e+00 
mod: eda, time: 2.205250e+03, diff: 4.118779e+00 
mod: eda, time: 2.205750e+03, diff: 4.893803e+00 
mod: eda, time: 2.206250e+03, diff: 7.460938e+00 
mod: eda, time: 2.206750e+03, diff: 8.333697e+00 
mod: eda, time: 2.207250e+03, diff: 9.887293e+00 
mod: eda, time: 2.207750e+03, diff: 9.736963e+00 
mod: eda, time: 2.208250e+03, diff: 9.837749e+00 
mod: eda, time: 2.208750e+03, diff: 5.456494e+00 
mod: eda, time: 2.283250e+03, diff: 1.170062e+00 
mod: eda, time: 2.283750e+03, diff: 1.098189e+00 
mod: eda, time: 2.284250e+03, diff: 1.231290e+00 
mod: eda, time: 2.284750e+03, diff: 1.420397e+00 
mod: eda, time: 2.285250e+03, diff: 1.184725e+00 
mod: eda, time: 2.285750e+03, diff: 1.030313e+00 
mod: hr, time: 3.325000e+01, diff: 6.416466e+00 
mod: hr, time: 3.475000e+01, diff: 9.367947e+00 
mod: hr, time: 3.625000e+01, diff: 1.407186e+01 
mod: hr, time: 7.225000e+01, diff: 9.536800e-01 
mod: hr, time: 7.375000e+01, diff: 9.183674e+00 
mod: hr, time: 7.625000e+01, diff: 4.773870e+00 
mod: hr, time: 7.775000e+01, diff: 1.186441e+01 
mod: hr, time: 7.925000e+01, diff: 1.303901e+01 
mod: hr, time: 8.075000e+01, diff: 6.521740e+00 
mod: hr, time: 8.875000e+01, diff: 7.345970e+00 
mod: hr, time: 9.825000e+01, diff: 1.392786e+01 
mod: hr, time: 1.017500e+02, diff: 5.334988e+00 
mod: hr, time: 1.032500e+02, diff: 5.445545e+00 
mod: hr, time: 1.067500e+02, diff: 1.218487e+01 
mod: hr, time: 1.127500e+02, diff: 4.198475e+00 
mod: hr, time: 1.137500e+02, diff: 8.333332e+00 
mod: hr, time: 1.167500e+02, diff: 6.626507e+00 
mod: hr, time: 1.177500e+02, diff: 2.762400e-01 
mod: hr, time: 1.252500e+02, diff: 8.139534e+00 
mod: hr, time: 1.287500e+02, diff: 7.244656e+00 
mod: hr, time: 1.302500e+02, diff: 1.234310e+01 
mod: hr, time: 1.332500e+02, diff: 1.435643e+01 
mod: hr, time: 1.372500e+02, diff: 6.416466e+00 
mod: hr, time: 1.387500e+02, diff: 7.244656e+00 
mod: hr, time: 1.402500e+02, diff: 1.129032e+01 
mod: hr, time: 1.427500e+02, diff: 6.097560e+00 
mod: hr, time: 1.452500e+02, diff: 2.879580e+00 
mod: hr, time: 1.462500e+02, diff: 8.196700e-01 
mod: hr, time: 1.557500e+02, diff: 6.834534e+00 
mod: hr, time: 1.612500e+02, diff: 3.638120e+00 
mod: hr, time: 1.637500e+02, diff: 7.647060e+00 
mod: hr, time: 1.657500e+02, diff: 1.635514e+01 
mod: hr, time: 1.677500e+02, diff: 1.864111e+01 
mod: hr, time: 1.687500e+02, diff: 7.040573e+00 
mod: hr, time: 1.737500e+02, diff: 1.715329e+01 
mod: hr, time: 2.012500e+02, diff: 6.730770e+00 
mod: hr, time: 2.977500e+02, diff: 4.198475e+00 
mod: hr, time: 2.992500e+02, diff: 1.086956e+01 
mod: hr, time: 4.932500e+02, diff: 2.631580e+00 
mod: hr, time: 5.062500e+02, diff: 8.236660e+00 
mod: hr, time: 5.072500e+02, diff: 1.086956e+00 
mod: hr, time: 5.142500e+02, diff: 5.773956e+00 
mod: hr, time: 5.152500e+02, diff: 8.810070e+00 
mod: hr, time: 5.172500e+02, diff: 1.311475e+01 
mod: hr, time: 5.222500e+02, diff: 8.041958e+00 
mod: hr, time: 5.272500e+02, diff: 5.334988e+00 
mod: hr, time: 5.432500e+02, diff: 1.385040e-01 
mod: hr, time: 5.447500e+02, diff: 8.620690e+00 
mod: hr, time: 5.462500e+02, diff: 8.810070e+00 
mod: hr, time: 5.477500e+02, diff: 1.043956e+01 
mod: hr, time: 5.502500e+02, diff: 6.204380e+00 
mod: hr, time: 5.537500e+02, diff: 1.103896e+01 
mod: hr, time: 5.562500e+02, diff: 3.125000e+00 
mod: hr, time: 5.612500e+02, diff: 1.463654e+01 
mod: hr, time: 5.622500e+02, diff: 8.525345e+00 
mod: hr, time: 5.692500e+02, diff: 1.814159e+01 
mod: hr, time: 5.712500e+02, diff: 3.002610e+00 
mod: hr, time: 5.772500e+02, diff: 1.417004e+00 
mod: hr, time: 5.892500e+02, diff: 6.730770e+00 
mod: hr, time: 5.907500e+02, diff: 4.314720e+00 
mod: hr, time: 5.942500e+02, diff: 1.334012e+01 
mod: hr, time: 5.967500e+02, diff: 3.428204e+00 
mod: hr, time: 5.982500e+02, diff: 5.990220e+00 
mod: hr, time: 5.992500e+02, diff: 7.943924e+00 
mod: hr, time: 6.052500e+02, diff: 5.500618e+00 
mod: hr, time: 6.087500e+02, diff: 1.407186e+01 
mod: hr, time: 6.142500e+02, diff: 1.218487e+01 
mod: hr, time: 6.157500e+02, diff: 2.762400e-01 
mod: hr, time: 6.197500e+02, diff: 5.954323e+00 
mod: hr, time: 6.212500e+02, diff: 14 
mod: hr, time: 6.232500e+02, diff: 1.392786e+01 
mod: hr, time: 6.247500e+02, diff: 1.648045e+01 
mod: hr, time: 6.302500e+02, diff: 1.739130e+01 
mod: hr, time: 6.317500e+02, diff: 1.069869e+01 
mod: hr, time: 6.357500e+02, diff: 1.666667e+01 
mod: hr, time: 6.372500e+02, diff: 1.280992e+01 
mod: hr, time: 6.387500e+02, diff: 5.112220e+00 
mod: hr, time: 6.427500e+02, diff: 4.545456e+00 
mod: hr, time: 6.442500e+02, diff: 7.446808e+00 
mod: hr, time: 6.457500e+02, diff: 1.170213e+01 
mod: hr, time: 6.467500e+02, diff: 5.773956e+00 
mod: hr, time: 6.547500e+02, diff: 1.265560e+01 
mod: hr, time: 6.562500e+02, diff: 1.356275e+01 
mod: hr, time: 6.722500e+02, diff: 1.153846e+01 
mod: hr, time: 6.827500e+02, diff: 1.145610e+01 
mod: hr, time: 7.027500e+02, diff: 1.871660e+00 
mod: hr, time: 7.112500e+02, diff: 1.078431e+01 
mod: hr, time: 7.137500e+02, diff: 5.494500e-01 
mod: hr, time: 7.192500e+02, diff: 1.219513e+00 
mod: hr, time: 7.212500e+02, diff: 1.348884e+01 
mod: hr, time: 7.312500e+02, diff: 9.367947e+00 
mod: hr, time: 7.337500e+02, diff: 1.234310e+01 
mod: hr, time: 7.347500e+02, diff: 3.727505e+00 
mod: hr, time: 7.442500e+02, diff: 1.470588e+01 
mod: hr, time: 7.457500e+02, diff: 1.120690e+01 
mod: hr, time: 7.472500e+02, diff: 1.234310e+01 
mod: hr, time: 7.497500e+02, diff: 2.127660e+00 
mod: hr, time: 7.532500e+02, diff: 1.202532e+01 
mod: hr, time: 7.572500e+02, diff: 8.236660e+00 
mod: hr, time: 7.587500e+02, diff: 9.183674e+00 
mod: hr, time: 7.642500e+02, diff: 1.538462e+01 
mod: hr, time: 7.657500e+02, diff: 2.254642e+00 
mod: hr, time: 7.722500e+02, diff: 3.727505e+00 
mod: hr, time: 7.747500e+02, diff: 8.525345e+00 
mod: hr, time: 7.782500e+02, diff: 8.139534e+00 
mod: hr, time: 7.822500e+02, diff: 1.477495e+01 
mod: hr, time: 7.922500e+02, diff: 1.043956e+01 
mod: hr, time: 7.932500e+02, diff: 4.430378e+00 
mod: hr, time: 7.947500e+02, diff: 7.845432e+00 
mod: hr, time: 7.962500e+02, diff: 1.145610e+01 
mod: hr, time: 7.977500e+02, diff: 1.351353e+00 
mod: hr, time: 7.987500e+02, diff: 2.755905e+00 
mod: hr, time: 8.007500e+02, diff: 1.242171e+01 
mod: hr, time: 8.032500e+02, diff: 1.250000e+01 
mod: hr, time: 8.102500e+02, diff: 3.448260e-01 
mod: hr, time: 8.137500e+02, diff: 3.367874e+00 
mod: hr, time: 8.152500e+02, diff: 4.545456e+00 
mod: hr, time: 8.282500e+02, diff: 1.078431e+01 
mod: hr, time: 8.307500e+02, diff: 7.142857e+00 
mod: hr, time: 8.322500e+02, diff: 5.445545e+00 
mod: hr, time: 8.382500e+02, diff: 5.494500e-01 
mod: hr, time: 8.397500e+02, diff: 1.153846e+01 
mod: hr, time: 8.412500e+02, diff: 8.904110e+00 
mod: hr, time: 8.437500e+02, diff: 1.385040e-01 
mod: hr, time: 8.472500e+02, diff: 9.090908e+00 
mod: hr, time: 8.497500e+02, diff: 7.142857e+00 
mod: hr, time: 8.547500e+02, diff: 1.699463e+00 
mod: hr, time: 8.592500e+02, diff: 1.129032e+01 
mod: hr, time: 8.607500e+02, diff: 1.226415e+01 
mod: hr, time: 8.622500e+02, diff: 1.257796e+01 
mod: hr, time: 8.637500e+02, diff: 1.280992e+01 
mod: hr, time: 8.662500e+02, diff: 1.137339e+01 
mod: hr, time: 8.707500e+02, diff: 5.494500e-01 
mod: hr, time: 8.782500e+02, diff: 1.378270e+01 
mod: hr, time: 8.802500e+02, diff: 1.242171e+01 
mod: hr, time: 8.832500e+02, diff: 6.416466e+00 
mod: hr, time: 8.857500e+02, diff: 1.363636e+01 
mod: hr, time: 8.892500e+02, diff: 1.742626e+00 
mod: hr, time: 8.972500e+02, diff: 1.871660e+00 
mod: hr, time: 9.002500e+02, diff: 1.482480e+00 
mod: hr, time: 9.042500e+02, diff: 4.887220e+00 
mod: hr, time: 9.067500e+02, diff: 6.849330e-01 
mod: hr, time: 9.082500e+02, diff: 6.626507e+00 
mod: hr, time: 9.097500e+02, diff: 1.095445e+01 
mod: hr, time: 9.122500e+02, diff: 6.416466e+00 
mod: hr, time: 9.132500e+02, diff: 5.555557e+00 
mod: hr, time: 9.187500e+02, diff: 1.551724e+01 
mod: hr, time: 9.207500e+02, diff: 1.709323e+01 
mod: hr, time: 9.227500e+02, diff: 1.558318e+01 
mod: hr, time: 9.307500e+02, diff: 4.314720e+00 
mod: hr, time: 9.317500e+02, diff: 6.849330e-01 
mod: hr, time: 9.332500e+02, diff: 1.525097e+01 
mod: hr, time: 9.377500e+02, diff: 2.631580e+00 
mod: hr, time: 9.392500e+02, diff: 7.845432e+00 
mod: hr, time: 9.407500e+02, diff: 1.061269e+01 
mod: hr, time: 9.422500e+02, diff: 1.280992e+01 
mod: hr, time: 9.437500e+02, diff: 1.303901e+01 
mod: hr, time: 9.462500e+02, diff: 4.545456e+00 
mod: hr, time: 9.477500e+02, diff: 4.314720e+00 
mod: hr, time: 9.527500e+02, diff: 8.997723e+00 
mod: hr, time: 9.567500e+02, diff: 1.219513e+00 
mod: hr, time: 9.672500e+02, diff: 1.691177e+01 
mod: hr, time: 9.687500e+02, diff: 1.470588e+01 
mod: hr, time: 9.702500e+02, diff: 1.603773e+01 
mod: hr, time: 9.742500e+02, diff: 5 
mod: hr, time: 9.767500e+02, diff: 4.256670e+00 
mod: hr, time: 9.812500e+02, diff: 8.620690e+00 
mod: hr, time: 9.837500e+02, diff: 1.871660e+00 
mod: hr, time: 9.852500e+02, diff: 9.821430e+00 
mod: hr, time: 9.957500e+02, diff: 6.204380e+00 
mod: hr, time: 1.006250e+03, diff: 1.666667e+01 
mod: hr, time: 1.007750e+03, diff: 1.356275e+01 
mod: hr, time: 1.009250e+03, diff: 1.491228e+01 
mod: hr, time: 1.010750e+03, diff: 8.525345e+00 
mod: hr, time: 1.016250e+03, diff: 2.941177e+00 
mod: hr, time: 1.023250e+03, diff: 1.622889e+01 
mod: hr, time: 1.024750e+03, diff: 1.428571e+01 
mod: hr, time: 1.026250e+03, diff: 1.442688e+01 
mod: hr, time: 1.028250e+03, diff: 1.378270e+01 
mod: hr, time: 1.029750e+03, diff: 1.363636e+01 
mod: hr, time: 1.031250e+03, diff: 1.194503e+01 
mod: hr, time: 1.032750e+03, diff: 1.153846e+01 
mod: hr, time: 1.034250e+03, diff: 1.026490e+01 
mod: hr, time: 1.037750e+03, diff: 5.334988e+00 
mod: hr, time: 1.041250e+03, diff: 1.511628e+01 
mod: hr, time: 1.042250e+03, diff: 3.488373e+00 
mod: hr, time: 1.052250e+03, diff: 6.730770e+00 
mod: hr, time: 1.054750e+03, diff: 9.910910e+00 
mod: hr, time: 1.057250e+03, diff: 3.428204e+00 
mod: hr, time: 1.059250e+03, diff: 1.442688e+01 
mod: hr, time: 1.070250e+03, diff: 1.257796e+01 
mod: hr, time: 1.072750e+03, diff: 7.244656e+00 
mod: hr, time: 1.074250e+03, diff: 1.017699e+01 
mod: hr, time: 1.080750e+03, diff: 3.775040e+00 
mod: hr, time: 1.085250e+03, diff: 1.014760e+01 
mod: hr, time: 1.089250e+03, diff: 2.254642e+00 
mod: hr, time: 1.091250e+03, diff: 6.849330e-01 
mod: hr, time: 1.092750e+03, diff: 9.183674e+00 
mod: hr, time: 1.094250e+03, diff: 4.887220e+00 
mod: hr, time: 1.098750e+03, diff: 1.078431e+01 
mod: hr, time: 1.100250e+03, diff: 8.525345e+00 
mod: hr, time: 1.101750e+03, diff: 9.641254e+00 
mod: hr, time: 1.103250e+03, diff: 8.525345e+00 
mod: hr, time: 1.112250e+03, diff: 1.311475e+01 
mod: hr, time: 1.122250e+03, diff: 1.470588e+01 
mod: hr, time: 1.123750e+03, diff: 1.348884e+01 
mod: hr, time: 1.125250e+03, diff: 8.620690e+00 
mod: hr, time: 1.127750e+03, diff: 1.178344e+01 
mod: hr, time: 1.131750e+03, diff: 1.477495e+01 
mod: hr, time: 1.133250e+03, diff: 1.202532e+01 
mod: hr, time: 1.134750e+03, diff: 1.162047e+01 
mod: hr, time: 1.139250e+03, diff: 6.849330e-01 
mod: hr, time: 1.140250e+03, diff: 2.631580e+00 
mod: hr, time: 1.141750e+03, diff: 1.482480e+00 
mod: hr, time: 1.146250e+03, diff: 1.407186e+01 
mod: hr, time: 1.148250e+03, diff: 1.498054e+01 
mod: hr, time: 1.150750e+03, diff: 1.871660e+00 
mod: hr, time: 1.152250e+03, diff: 9.090908e+00 
mod: hr, time: 1.155750e+03, diff: 1.052632e+01 
mod: hr, time: 1.164250e+03, diff: 1.378270e+01 
mod: hr, time: 1.166750e+03, diff: 2.506596e+00 
mod: hr, time: 1.168250e+03, diff: 1.853147e+01 
mod: hr, time: 1.169750e+03, diff: 1.008869e+01 
mod: hr, time: 1.173750e+03, diff: 1.035242e+01 
mod: hr, time: 1.176750e+03, diff: 1.842105e+01 
mod: hr, time: 1.179250e+03, diff: 5.773956e+00 
mod: hr, time: 1.180750e+03, diff: 1.103896e+01 
mod: hr, time: 1.181750e+03, diff: 2.254642e+00 
mod: hr, time: 1.183250e+03, diff: 4.887220e+00 
mod: hr, time: 1.186250e+03, diff: 2.254642e+00 
mod: hr, time: 1.188750e+03, diff: 6.097560e+00 
mod: hr, time: 1.190750e+03, diff: 1.242171e+01 
mod: hr, time: 1.198750e+03, diff: 6.521740e+00 
mod: hr, time: 1.200250e+03, diff: 5.665024e+00 
mod: hr, time: 1.202750e+03, diff: 4.081635e+00 
mod: hr, time: 1.207750e+03, diff: 1.414343e+01 
mod: hr, time: 1.210250e+03, diff: 8.333332e+00 
mod: hr, time: 1.212250e+03, diff: 1.428571e+01 
mod: hr, time: 1.213750e+03, diff: 1.078431e+01 
mod: hr, time: 1.215250e+03, diff: 1.610170e+01 
mod: hr, time: 1.217250e+03, diff: 1.265560e+01 
mod: hr, time: 1.218750e+03, diff: 1.288660e+01 
mod: hr, time: 1.221250e+03, diff: 8.867700e-01 
mod: hr, time: 1.222750e+03, diff: 1.363636e+01 
mod: hr, time: 1.224250e+03, diff: 1.463654e+01 
mod: hr, time: 1.227250e+03, diff: 2.254642e+00 
mod: hr, time: 1.233750e+03, diff: 1.026490e+01 
mod: hr, time: 1.237250e+03, diff: 2.762400e-01 
mod: hr, time: 1.243250e+03, diff: 6.730770e+00 
mod: hr, time: 1.248750e+03, diff: 9.536800e-01 
mod: hr, time: 1.256250e+03, diff: 2.762400e-01 
mod: hr, time: 1.259250e+03, diff: 1.311475e+01 
mod: hr, time: 1.264750e+03, diff: 8.867700e-01 
mod: hr, time: 1.270250e+03, diff: 1.385542e+01 
mod: hr, time: 1.271750e+03, diff: 6.626507e+00 
mod: hr, time: 1.286250e+03, diff: 1.303901e+01 
mod: hr, time: 1.290250e+03, diff: 3.964195e+00 
mod: hr, time: 1.296250e+03, diff: 8.525345e+00 
mod: hr, time: 1.298750e+03, diff: 4.659950e+00 
mod: hr, time: 1.303250e+03, diff: 1.103896e+01 
mod: hr, time: 1.308750e+03, diff: 2.254642e+00 
mod: hr, time: 1.317250e+03, diff: 3.608246e+00 
mod: hr, time: 1.318750e+03, diff: 7.647060e+00 
mod: hr, time: 1.319750e+03, diff: 5.555557e+00 
mod: hr, time: 1.332750e+03, diff: 6.310680e+00 
mod: hr, time: 1.336250e+03, diff: 2 
mod: hr, time: 1.337750e+03, diff: 2.380950e+00 
mod: hr, time: 1.339750e+03, diff: 6.834534e+00 
mod: hr, time: 1.358750e+03, diff: 2.755905e+00 
mod: hr, time: 1.360750e+03, diff: 1.326530e+01 
mod: hr, time: 1.362250e+03, diff: 1.435643e+01 
mod: hr, time: 1.363750e+03, diff: 1.178344e+01 
mod: hr, time: 1.365250e+03, diff: 1.242171e+01 
mod: hr, time: 1.367250e+03, diff: 1.378270e+01 
mod: hr, time: 1.368750e+03, diff: 1.303901e+01 
mod: hr, time: 1.376250e+03, diff: 2.380950e+00 
mod: hr, time: 1.378750e+03, diff: 5.445545e+00 
mod: hr, time: 1.382750e+03, diff: 1.392786e+01 
mod: hr, time: 1.384250e+03, diff: 1.219513e+00 
mod: hr, time: 1.385750e+03, diff: 1.319019e+01 
mod: hr, time: 1.388250e+03, diff: 6.097560e+00 
mod: hr, time: 1.389750e+03, diff: 1.218487e+01 
mod: hr, time: 1.397250e+03, diff: 1.086956e+00 
mod: hr, time: 1.399750e+03, diff: 7.845432e+00 
mod: hr, time: 1.401250e+03, diff: 5.555557e+00 
mod: hr, time: 1.402750e+03, diff: 1.296296e+01 
mod: hr, time: 1.407250e+03, diff: 1.226415e+01 
mod: hr, time: 1.416750e+03, diff: 4.314720e+00 
mod: hr, time: 1.418250e+03, diff: 1.319019e+01 
mod: hr, time: 1.423750e+03, diff: 6.521740e+00 
mod: hr, time: 1.429250e+03, diff: 9.183674e+00 
mod: hr, time: 1.432750e+03, diff: 9.536800e-01 
mod: hr, time: 1.436750e+03, diff: 1.612904e+00 
mod: hr, time: 1.437750e+03, diff: 1.351353e+00 
mod: hr, time: 1.445750e+03, diff: 9.183674e+00 
mod: hr, time: 1.456750e+03, diff: 1.385040e-01 
mod: hr, time: 1.461250e+03, diff: 3.246754e+00 
mod: hr, time: 1.473250e+03, diff: 1.288660e+01 
mod: hr, time: 1.474750e+03, diff: 14 
mod: hr, time: 1.478250e+03, diff: 1.370968e+01 
mod: hr, time: 1.483750e+03, diff: 3.846153e+00 
mod: hr, time: 1.487750e+03, diff: 2.879580e+00 
mod: hr, time: 1.493250e+03, diff: 1.078431e+01 
mod: hr, time: 1.499250e+03, diff: 1.145610e+01 
mod: hr, time: 1.507250e+03, diff: 7.943924e+00 
mod: hr, time: 1.508750e+03, diff: 10 
mod: hr, time: 1.510250e+03, diff: 1.035242e+01 
mod: hr, time: 1.513250e+03, diff: 5.056180e+00 
mod: hr, time: 1.517250e+03, diff: 5.846280e+00 
mod: hr, time: 1.523250e+03, diff: 14 
mod: hr, time: 1.524750e+03, diff: 8.041958e+00 
mod: hr, time: 1.539250e+03, diff: 1.603773e+01 
mod: hr, time: 1.543250e+03, diff: 1.768402e+01 
mod: hr, time: 1.544750e+03, diff: 1.242171e+01 
mod: hr, time: 1.548750e+03, diff: 3.676450e-01 
mod: hr, time: 1.552250e+03, diff: 5.494500e-01 
mod: hr, time: 1.554750e+03, diff: 5.223880e+00 
mod: hr, time: 1.556750e+03, diff: 1.750903e+01 
mod: hr, time: 1.558250e+03, diff: 1.052632e+01 
mod: hr, time: 1.562250e+03, diff: 3.964195e+00 
mod: hr, time: 1.563750e+03, diff: 1.685083e+01 
mod: hr, time: 1.565750e+03, diff: 1.491228e+01 
mod: hr, time: 1.567250e+03, diff: 1.739130e+01 
mod: hr, time: 1.570250e+03, diff: 1.449704e+01 
mod: hr, time: 1.572750e+03, diff: 1.428571e+01 
mod: hr, time: 1.574250e+03, diff: 8.139534e+00 
mod: hr, time: 1.575750e+03, diff: 1.035242e+01 
mod: hr, time: 1.578250e+03, diff: 2.074700e-01 
mod: hr, time: 1.580750e+03, diff: 4.198475e+00 
mod: hr, time: 1.586750e+03, diff: 1.853147e+01 
mod: hr, time: 1.588250e+03, diff: 2 
mod: hr, time: 1.590750e+03, diff: 3.246754e+00 
mod: hr, time: 1.594750e+03, diff: 1.385542e+01 
mod: hr, time: 1.596250e+03, diff: 9.641254e+00 
mod: hr, time: 1.598750e+03, diff: 6.043957e+00 
mod: hr, time: 1.600750e+03, diff: 1.597353e+01 
mod: hr, time: 1.602250e+03, diff: 1.518375e+01 
mod: hr, time: 1.604250e+03, diff: 1.635514e+01 
mod: hr, time: 1.605750e+03, diff: 1.511628e+01 
mod: hr, time: 1.607750e+03, diff: 1.678967e+01 
mod: hr, time: 1.609250e+03, diff: 1.525097e+01 
mod: hr, time: 1.611750e+03, diff: 2.063915e+00 
mod: hr, time: 1.615750e+03, diff: 4.198475e+00 
mod: hr, time: 1.617250e+03, diff: 1.597353e+01 
mod: hr, time: 1.619250e+03, diff: 1.145610e+01 
mod: hr, time: 1.625750e+03, diff: 1.273292e+01 
mod: hr, time: 1.627750e+03, diff: 1.280992e+01 
mod: hr, time: 1.629250e+03, diff: 1.078431e+01 
mod: hr, time: 1.630750e+03, diff: 1.186441e+01 
mod: hr, time: 1.633250e+03, diff: 4.545456e+00 
mod: hr, time: 1.635250e+03, diff: 1.482480e+00 
mod: hr, time: 1.636750e+03, diff: 4.430378e+00 
mod: hr, time: 1.643750e+03, diff: 4.314720e+00 
mod: hr, time: 1.665250e+03, diff: 1.421471e+01 
mod: hr, time: 1.683250e+03, diff: 1.428571e+01 
mod: hr, time: 1.685750e+03, diff: 6.937798e+00 
mod: hr, time: 1.693750e+03, diff: 9.910910e+00 
mod: hr, time: 1.694750e+03, diff: 1.482480e+00 
mod: hr, time: 1.702250e+03, diff: 1.257796e+01 
mod: hr, time: 1.740750e+03, diff: 1.026490e+01 
mod: hr, time: 1.742250e+03, diff: 10 
mod: hr, time: 1.743250e+03, diff: 9.536800e-01 
mod: hr, time: 1.747750e+03, diff: 8.810070e+00 
mod: hr, time: 1.751250e+03, diff: 5.665024e+00 
mod: hr, time: 1.799750e+03, diff: 4.659950e+00 
mod: hr, time: 1.801250e+03, diff: 3.367874e+00 
mod: hr, time: 1.808250e+03, diff: 6.849330e-01 
mod: hr, time: 1.809250e+03, diff: 9.367947e+00 
mod: hr, time: 1.824750e+03, diff: 8.333332e+00 
mod: hr, time: 1.834250e+03, diff: 1.518375e+01 
mod: hr, time: 1.839250e+03, diff: 4.830616e+00 
mod: hr, time: 1.840750e+03, diff: 5.223880e+00 
mod: hr, time: 1.843250e+03, diff: 4.887220e+00 
mod: hr, time: 1.845250e+03, diff: 1.348884e+01 
mod: hr, time: 1.846750e+03, diff: 1.449704e+01 
mod: hr, time: 1.852750e+03, diff: 1.428571e+01 
mod: hr, time: 1.854750e+03, diff: 1.504854e+01 
mod: hr, time: 1.856250e+03, diff: 1.043956e+01 
mod: hr, time: 1.857750e+03, diff: 1.491228e+01 
mod: hr, time: 1.859750e+03, diff: 1.597353e+01 
mod: hr, time: 1.862250e+03, diff: 1.026490e+01 
mod: hr, time: 1.863750e+03, diff: 1.435643e+01 
mod: hr, time: 1.879750e+03, diff: 1.442688e+01 
mod: hr, time: 1.881250e+03, diff: 9.821430e+00 
mod: hr, time: 1.890750e+03, diff: 3.367874e+00 
mod: hr, time: 1.892750e+03, diff: 1.356275e+01 
mod: hr, time: 1.906750e+03, diff: 1.095445e+01 
mod: hr, time: 1.913250e+03, diff: 3.964195e+00 
mod: hr, time: 1.917250e+03, diff: 3.246754e+00 
mod: hr, time: 1.919750e+03, diff: 1.319019e+01 
mod: hr, time: 1.921250e+03, diff: 1.153846e+01 
mod: hr, time: 1.927250e+03, diff: 3.125000e+00 
mod: hr, time: 1.928750e+03, diff: 2.879580e+00 
mod: hr, time: 1.931250e+03, diff: 1.385040e-01 
mod: hr, time: 1.937250e+03, diff: 1.153846e+01 
mod: hr, time: 1.938750e+03, diff: 9.550560e+00 
mod: hr, time: 1.939750e+03, diff: 2.127660e+00 
mod: hr, time: 1.942250e+03, diff: 4.814300e-01 
mod: hr, time: 1.944750e+03, diff: 6.934700e-02 
mod: hr, time: 1.948750e+03, diff: 1.137339e+01 
mod: hr, time: 1.951250e+03, diff: 1.442688e+01 
mod: hr, time: 1.953250e+03, diff: 1.170213e+01 
mod: hr, time: 1.954750e+03, diff: 1.194503e+01 
mod: hr, time: 1.958250e+03, diff: 5.665024e+00 
mod: hr, time: 1.964250e+03, diff: 1.153324e+00 
mod: hr, time: 1.966250e+03, diff: 1.407186e+01 
mod: hr, time: 1.971750e+03, diff: 4.430378e+00 
mod: hr, time: 1.975250e+03, diff: 3.727505e+00 
mod: hr, time: 1.980750e+03, diff: 2.127660e+00 
mod: hr, time: 1.982250e+03, diff: 4.887220e+00 
mod: hr, time: 1.985750e+03, diff: 3.676450e-01 
mod: hr, time: 1.992750e+03, diff: 6.416466e+00 
mod: hr, time: 1.994750e+03, diff: 1.629213e+01 
mod: hr, time: 1.997750e+03, diff: 1.477495e+01 
mod: hr, time: 2.005750e+03, diff: 9.536800e-01 
mod: hr, time: 2.009250e+03, diff: 4.887220e+00 
mod: hr, time: 2.014250e+03, diff: 3.846153e+00 
mod: hr, time: 2.016750e+03, diff: 2.191235e+00 
mod: hr, time: 2.023250e+03, diff: 1.385040e-01 
mod: hr, time: 2.029250e+03, diff: 8.867700e-01 
mod: hr, time: 2.031750e+03, diff: 6.834534e+00 
mod: hr, time: 2.034250e+03, diff: 5.773956e+00 
mod: hr, time: 2.036750e+03, diff: 1.265560e+01 
mod: hr, time: 2.038750e+03, diff: 1.162047e+01 
mod: hr, time: 2.042250e+03, diff: 1.069869e+01 
mod: hr, time: 2.045750e+03, diff: 1.326530e+01 
mod: hr, time: 2.050750e+03, diff: 2.506596e+00 
mod: hr, time: 2.081250e+03, diff: 1.043956e+01 
mod: hr, time: 2.083750e+03, diff: 4.430378e+00 
mod: hr, time: 2.095250e+03, diff: 1.273292e+01 
mod: hr, time: 2.110750e+03, diff: 1.348884e+01 
mod: hr, time: 2.112750e+03, diff: 7.142857e+00 
mod: hr, time: 2.124250e+03, diff: 1.677853e+00 
mod: hr, time: 2.136250e+03, diff: 1.656223e+00 
mod: hr, time: 2.137750e+03, diff: 1.709323e+01 
mod: hr, time: 2.139750e+03, diff: 1.660482e+01 
mod: hr, time: 2.144250e+03, diff: 1.629213e+01 
mod: hr, time: 2.146250e+03, diff: 1.739130e+01 
mod: hr, time: 2.157250e+03, diff: 1.326530e+01 
mod: hr, time: 2.161250e+03, diff: 1.078431e+01 
mod: hr, time: 2.168250e+03, diff: 5.445545e+00 
mod: hr, time: 2.169750e+03, diff: 8.810070e+00 
mod: hr, time: 2.171250e+03, diff: 1.052632e+01 
mod: hr, time: 2.181250e+03, diff: 1.525097e+01 
mod: hr, time: 2.189250e+03, diff: 2 
mod: hr, time: 2.191750e+03, diff: 4.430378e+00 
mod: hr, time: 2.196250e+03, diff: 1.654275e+01 
mod: hr, time: 2.203750e+03, diff: 2.191235e+00 
mod: hr, time: 2.205750e+03, diff: 2.014925e+01 
mod: hr, time: 2.207250e+03, diff: 1.035242e+01 
mod: hr, time: 2.210250e+03, diff: 1.078431e+01 
mod: hr, time: 2.212250e+03, diff: 1.597353e+01 
mod: hr, time: 2.213750e+03, diff: 1.622889e+01 
mod: hr, time: 2.215750e+03, diff: 1.571429e+01 
mod: hr, time: 2.216750e+03, diff: 3.002610e+00 
mod: hr, time: 2.219250e+03, diff: 1.807228e+00 
mod: hr, time: 2.221250e+03, diff: 1.590909e+01 
mod: hr, time: 2.226750e+03, diff: 1.250000e+01 
mod: hr, time: 2.227750e+03, diff: 2.380950e+00 
mod: hr, time: 2.236250e+03, diff: 1.477495e+01 
mod: hr, time: 2.240750e+03, diff: 1.351353e+00 
mod: hr, time: 2.243250e+03, diff: 6.204380e+00 
mod: hr, time: 2.253250e+03, diff: 1.043956e+01 
mod: hr, time: 2.255750e+03, diff: 9.910910e+00 
mod: hr, time: 2.259750e+03, diff: 7.746480e+00 
mod: hr, time: 2.265750e+03, diff: 1.263540e+00 
mod: hr, time: 2.267250e+03, diff: 1.435643e+01 
mod: hr, time: 2.270250e+03, diff: 1.017699e+01 
mod: hr, time: 2.272250e+03, diff: 1.341463e+01 
mod: hr, time: 2.274750e+03, diff: 2.879580e+00 
mod: hr, time: 2.276250e+03, diff: 1.703297e+01 
mod: hr, time: 2.278250e+03, diff: 7.647060e+00 
mod: hr, time: 2.279750e+03, diff: 1.830986e+01 
mod: hr, time: 2.285250e+03, diff: 1.108108e+01 
mod: hr, time: 2.291250e+03, diff: 5.279503e+00 
mod: hr, time: 2.294250e+03, diff: 1.238245e+01 
mod: hr, time: 2.297750e+03, diff: 1.250000e+01 
mod: hr, time: 2.300250e+03, diff: 6.310680e+00 
mod: hr, time: 2.301750e+03, diff: 1.026490e+01 
mod: hr, time: 2.304750e+03, diff: 5.990220e+00 
mod: hr, time: 2.308250e+03, diff: 1.432111e+01 
mod: hr, time: 2.309750e+03, diff: 1.334012e+01 
mod: hr, time: 2.314750e+03, diff: 1.052632e+01 
mod: temp, time: "9.587500e+02", diff: "1.009465e+00" 
mod: temp, time: "9.592500e+02", diff: "1.093782e+00" 
mod: temp, time: "9.597500e+02", diff: "1.198100e+00" 
mod: temp, time: "9.602500e+02", diff: "1.184453e+00" 
mod: temp, time: "9.607500e+02", diff: "1.281033e+00" 
mod: temp, time: "9.612500e+02", diff: "1.308674e+00" 
mod: temp, time: "9.617500e+02", diff: "1.308673e+00" 
mod: temp, time: "9.622500e+02", diff: "1.221133e+00" 
mod: temp, time: "9.952500e+02", diff: "1.005923e+00" 
mod: temp, time: "1.209250e+03", diff: "1.048039e+00" 
mod: temp, time: "1.209750e+03", diff: "1.034268e+00" 
mod: temp, time: "1.210250e+03", diff: "1.106637e+00" 
mod: temp, time: "1.210750e+03", diff: "1.157346e+00" 
mod: temp, time: "1.211250e+03", diff: "1.269596e+00" 
mod: temp, time: "1.211750e+03", diff: "1.280444e+00" 
mod: temp, time: "1.212250e+03", diff: "1.242370e+00" 
mod: temp, time: "1.212750e+03", diff: "1.150254e+00" 
mod: temp, time: "1.213250e+03", diff: "1.027163e+00" 
---------------------------------------
Date : 27-May-2018
Type : c
EDA EVENTS: 82 | HR EVENTS: 516 | TEMP EVENTS: 1
mod: eda, time: 2.750000e+00, diff: 1.064293e+00 
mod: eda, time: 3.987500e+02, diff: 1.041061e+00 
mod: eda, time: 4.612500e+02, diff: 1.143619e+00 
mod: eda, time: 4.617500e+02, diff: 1.411361e+00 
mod: eda, time: 4.622500e+02, diff: 1.487078e+00 
mod: eda, time: 4.627500e+02, diff: 1.534226e+00 
mod: eda, time: 4.632500e+02, diff: 1.568872e+00 
mod: eda, time: 4.637500e+02, diff: 1.449246e+00 
mod: eda, time: 4.642500e+02, diff: 1.246898e+00 
mod: eda, time: 5.412500e+02, diff: 1.321478e+00 
mod: eda, time: 5.417500e+02, diff: 1.526650e+00 
mod: eda, time: 5.422500e+02, diff: 1.595970e+00 
mod: eda, time: 5.427500e+02, diff: 1.515666e+00 
mod: eda, time: 5.432500e+02, diff: 1.443663e+00 
mod: eda, time: 5.437500e+02, diff: 1.216274e+00 
mod: eda, time: 5.442500e+02, diff: 1.050837e+00 
mod: eda, time: 6.142500e+02, diff: 1.121783e+00 
mod: eda, time: 6.147500e+02, diff: 1.031438e+00 
mod: eda, time: 6.162500e+02, diff: 1.047296e+00 
mod: eda, time: 6.167500e+02, diff: 1.069998e+00 
mod: eda, time: 7.227500e+02, diff: 1.049334e+00 
mod: eda, time: 7.232500e+02, diff: 1.205424e+00 
mod: eda, time: 7.237500e+02, diff: 1.257301e+00 
mod: eda, time: 7.242500e+02, diff: 1.355510e+00 
mod: eda, time: 7.247500e+02, diff: 1.435143e+00 
mod: eda, time: 7.252500e+02, diff: 1.469075e+00 
mod: eda, time: 7.257500e+02, diff: 1.451202e+00 
mod: eda, time: 7.262500e+02, diff: 1.402848e+00 
mod: eda, time: 7.267500e+02, diff: 1.263766e+00 
mod: eda, time: 7.272500e+02, diff: 1.109480e+00 
mod: eda, time: 7.277500e+02, diff: 1.093262e+00 
mod: eda, time: 7.282500e+02, diff: 1.233556e+00 
mod: eda, time: 7.287500e+02, diff: 1.306102e+00 
mod: eda, time: 7.292500e+02, diff: 1.137449e+00 
mod: eda, time: 7.957500e+02, diff: 1.153476e+00 
mod: eda, time: 8.627500e+02, diff: 1.251745e+00 
mod: eda, time: 1.110250e+03, diff: 1.026961e+00 
mod: eda, time: 1.144750e+03, diff: 1.020649e+00 
mod: eda, time: 1.145250e+03, diff: 1.114962e+00 
mod: eda, time: 1.145750e+03, diff: 1.117283e+00 
mod: eda, time: 1.146250e+03, diff: 1.066597e+00 
mod: eda, time: 1.354750e+03, diff: 1.142851e+00 
mod: eda, time: 1.355250e+03, diff: 1.137182e+00 
mod: eda, time: 1.422750e+03, diff: 1.002363e+00 
mod: eda, time: 1.515250e+03, diff: 1.282283e+00 
mod: eda, time: 1.515750e+03, diff: 1.373487e+00 
mod: eda, time: 1.516250e+03, diff: 1.311452e+00 
mod: eda, time: 1.516750e+03, diff: 1.198248e+00 
mod: eda, time: 1.517250e+03, diff: 1.028631e+00 
mod: eda, time: 1.708250e+03, diff: 1.042982e+00 
mod: eda, time: 1.708750e+03, diff: 1.232321e+00 
mod: eda, time: 1.709250e+03, diff: 1.326334e+00 
mod: eda, time: 1.709750e+03, diff: 1.373203e+00 
mod: eda, time: 1.710250e+03, diff: 1.370428e+00 
mod: eda, time: 1.710750e+03, diff: 1.378252e+00 
mod: eda, time: 1.711250e+03, diff: 1.301983e+00 
mod: eda, time: 1.711750e+03, diff: 1.136732e+00 
mod: eda, time: 1.725250e+03, diff: 1.112281e+00 
mod: eda, time: 1.725750e+03, diff: 1.118546e+00 
mod: eda, time: 1.726250e+03, diff: 1.059092e+00 
mod: eda, time: 1.726750e+03, diff: 1.052868e+00 
mod: eda, time: 1.773750e+03, diff: 1.243056e+00 
mod: eda, time: 1.774250e+03, diff: 1.673779e+00 
mod: eda, time: 1.774750e+03, diff: 2.025299e+00 
mod: eda, time: 1.775250e+03, diff: 2.273707e+00 
mod: eda, time: 1.775750e+03, diff: 2.349560e+00 
mod: eda, time: 1.776250e+03, diff: 2.325854e+00 
mod: eda, time: 1.776750e+03, diff: 2.174682e+00 
mod: eda, time: 1.777250e+03, diff: 1.976794e+00 
mod: eda, time: 1.777750e+03, diff: 1.716026e+00 
mod: eda, time: 1.778250e+03, diff: 1.275875e+00 
mod: eda, time: 1.883750e+03, diff: 1.075094e+00 
mod: eda, time: 1.884250e+03, diff: 1.065356e+00 
mod: eda, time: 1.884750e+03, diff: 1.030319e+00 
mod: eda, time: 2.027250e+03, diff: 1.179405e+00 
mod: eda, time: 2.028250e+03, diff: 1.247840e+00 
mod: eda, time: 2.028750e+03, diff: 1.215615e+00 
mod: eda, time: 2.029250e+03, diff: 1.121359e+00 
mod: eda, time: 2.029750e+03, diff: 1.072323e+00 
mod: eda, time: 2.030250e+03, diff: 1.015017e+00 
mod: eda, time: 2.275250e+03, diff: 1.201703e+00 
mod: eda, time: 2.275750e+03, diff: 1.223751e+00 
mod: hr, time: 5.250000e+00, diff: 1.162047e+01 
mod: hr, time: 6.750000e+00, diff: 5.665024e+00 
mod: hr, time: 8.250000e+00, diff: 5.445545e+00 
mod: hr, time: 1.575000e+01, diff: 6.937798e+00 
mod: hr, time: 1.725000e+01, diff: 5 
mod: hr, time: 9.675000e+01, diff: 1.112311e+01 
mod: hr, time: 9.825000e+01, diff: 8.904110e+00 
mod: hr, time: 1.157500e+02, diff: 8.429560e+00 
mod: hr, time: 1.172500e+02, diff: 5.773956e+00 
mod: hr, time: 1.252500e+02, diff: 1.551724e+01 
mod: hr, time: 1.262500e+02, diff: 9.459460e+00 
mod: hr, time: 1.447500e+02, diff: 5 
mod: hr, time: 1.517500e+02, diff: 7.796013e+00 
mod: hr, time: 1.532500e+02, diff: 1.017699e+01 
mod: hr, time: 1.577500e+02, diff: 8.041958e+00 
mod: hr, time: 1.592500e+02, diff: 7.446808e+00 
mod: hr, time: 1.617500e+02, diff: 4.659950e+00 
mod: hr, time: 1.657500e+02, diff: 8.715595e+00 
mod: hr, time: 1.702500e+02, diff: 1.407186e+01 
mod: hr, time: 1.742500e+02, diff: 1.914516e+00 
mod: hr, time: 1.757500e+02, diff: 1.697248e+01 
mod: hr, time: 1.777500e+02, diff: 1.779964e+01 
mod: hr, time: 1.802500e+02, diff: 8.867700e-01 
mod: hr, time: 1.817500e+02, diff: 6.730770e+00 
mod: hr, time: 1.827500e+02, diff: 1.351353e+00 
mod: hr, time: 1.872500e+02, diff: 1.017699e+01 
mod: hr, time: 1.902500e+02, diff: 1.061269e+01 
mod: hr, time: 1.947500e+02, diff: 1.551724e+01 
mod: hr, time: 2.002500e+02, diff: 8.810070e+00 
mod: hr, time: 2.062500e+02, diff: 1.326530e+01 
mod: hr, time: 2.132500e+02, diff: 2.254642e+00 
mod: hr, time: 2.162500e+02, diff: 1.311475e+01 
mod: hr, time: 2.177500e+02, diff: 1.414343e+01 
mod: hr, time: 2.192500e+02, diff: 1.069869e+01 
mod: hr, time: 2.212500e+02, diff: 1.525097e+01 
mod: hr, time: 2.222500e+02, diff: 5.334988e+00 
mod: hr, time: 2.237500e+02, diff: 1.103896e+01 
mod: hr, time: 2.282500e+02, diff: 1.871660e+00 
mod: hr, time: 2.322500e+02, diff: 1.547780e+00 
mod: hr, time: 2.357500e+02, diff: 1.691177e+01 
mod: hr, time: 2.387500e+02, diff: 6.043957e+00 
mod: hr, time: 2.422500e+02, diff: 3.448260e-01 
mod: hr, time: 2.432500e+02, diff: 6.310680e+00 
mod: hr, time: 2.447500e+02, diff: 1.069869e+01 
mod: hr, time: 2.462500e+02, diff: 6.849330e-01 
mod: hr, time: 2.487500e+02, diff: 1.210526e+01 
mod: hr, time: 2.507500e+02, diff: 1.498054e+01 
mod: hr, time: 2.517500e+02, diff: 6.849330e-01 
mod: hr, time: 2.532500e+02, diff: 9.090908e+00 
mod: hr, time: 2.552500e+02, diff: 1.414343e+01 
mod: hr, time: 2.597500e+02, diff: 4.659950e+00 
mod: hr, time: 2.617500e+02, diff: 1.797153e+01 
mod: hr, time: 2.637500e+02, diff: 1.616541e+01 
mod: hr, time: 2.667500e+02, diff: 4.198475e+00 
mod: hr, time: 2.712500e+02, diff: 1.145610e+01 
mod: hr, time: 2.897500e+02, diff: 1.288660e+01 
mod: hr, time: 2.912500e+02, diff: 2 
mod: hr, time: 3.027500e+02, diff: 2.127660e+00 
mod: hr, time: 3.097500e+02, diff: 1.616541e+01 
mod: hr, time: 3.122500e+02, diff: 1.525097e+01 
mod: hr, time: 3.182500e+02, diff: 3.488373e+00 
mod: hr, time: 3.217500e+02, diff: 5.665024e+00 
mod: hr, time: 3.287500e+02, diff: 1.378270e+01 
mod: hr, time: 3.312500e+02, diff: 9.550560e+00 
mod: hr, time: 3.352500e+02, diff: 7.523960e-01 
mod: hr, time: 3.487500e+02, diff: 8.525345e+00 
mod: hr, time: 3.527500e+02, diff: 2.714535e+00 
mod: hr, time: 3.587500e+02, diff: 8.525345e+00 
mod: hr, time: 3.672500e+02, diff: 1.210526e+01 
mod: hr, time: 3.737500e+02, diff: 9.981840e-01 
mod: hr, time: 3.767500e+02, diff: 9.137344e+00 
mod: hr, time: 3.787500e+02, diff: 1.672828e+01 
mod: hr, time: 3.802500e+02, diff: 9.090908e+00 
mod: hr, time: 3.827500e+02, diff: 9.536800e-01 
mod: hr, time: 3.847500e+02, diff: 3.608246e+00 
mod: hr, time: 3.872500e+02, diff: 2 
mod: hr, time: 3.892500e+02, diff: 1.847636e+01 
mod: hr, time: 3.972500e+02, diff: 1.616541e+01 
mod: hr, time: 3.992500e+02, diff: 1.875000e+01 
mod: hr, time: 4.002500e+02, diff: 5.555557e+00 
mod: hr, time: 4.017500e+02, diff: 6.416466e+00 
mod: hr, time: 4.037500e+02, diff: 1.733212e+01 
mod: hr, time: 4.052500e+02, diff: 1.635514e+01 
mod: hr, time: 4.072500e+02, diff: 1.685083e+01 
mod: hr, time: 4.092500e+02, diff: 1.525097e+01 
mod: hr, time: 4.102500e+02, diff: 8.904110e+00 
mod: hr, time: 4.117500e+02, diff: 1.612904e+00 
mod: hr, time: 4.137500e+02, diff: 1.808511e+01 
mod: hr, time: 4.147500e+02, diff: 4.081635e+00 
mod: hr, time: 4.162500e+02, diff: 5.665024e+00 
mod: hr, time: 4.192500e+02, diff: 1.378270e+01 
mod: hr, time: 4.207500e+02, diff: 1.356275e+01 
mod: hr, time: 4.222500e+02, diff: 1.558318e+01 
mod: hr, time: 4.242500e+02, diff: 1.912521e+01 
mod: hr, time: 4.262500e+02, diff: 1.739130e+01 
mod: hr, time: 4.282500e+02, diff: 1.721312e+01 
mod: hr, time: 4.297500e+02, diff: 1.672828e+01 
mod: hr, time: 4.317500e+02, diff: 1.363636e+01 
mod: hr, time: 4.327500e+02, diff: 8.041958e+00 
mod: hr, time: 4.342500e+02, diff: 8.236660e+00 
mod: hr, time: 4.357500e+02, diff: 8.620690e+00 
mod: hr, time: 4.537500e+02, diff: 7.547170e+00 
mod: hr, time: 4.562500e+02, diff: 3.488373e+00 
mod: hr, time: 4.577500e+02, diff: 1.456693e+01 
mod: hr, time: 4.592500e+02, diff: 1.226415e+01 
mod: hr, time: 4.607500e+02, diff: 8.196700e-01 
mod: hr, time: 4.652500e+02, diff: 1.622889e+01 
mod: hr, time: 4.692500e+02, diff: 7.040573e+00 
mod: hr, time: 4.717500e+02, diff: 3.002610e+00 
mod: hr, time: 4.737500e+02, diff: 1.709323e+01 
mod: hr, time: 4.752500e+02, diff: 1.678967e+01 
mod: hr, time: 4.767500e+02, diff: 3.488373e+00 
mod: hr, time: 4.812500e+02, diff: 1.590909e+01 
mod: hr, time: 4.852500e+02, diff: 1.484375e+01 
mod: hr, time: 5.112500e+02, diff: 2 
mod: hr, time: 5.257500e+02, diff: 4.545456e+00 
mod: hr, time: 5.272500e+02, diff: 1.348884e+01 
mod: hr, time: 5.312500e+02, diff: 7.845432e+00 
mod: hr, time: 5.327500e+02, diff: 3.002610e+00 
mod: hr, time: 5.372500e+02, diff: 1.226415e+01 
mod: hr, time: 5.512500e+02, diff: 4.545456e+00 
mod: hr, time: 5.537500e+02, diff: 7.446808e+00 
mod: hr, time: 5.572500e+02, diff: 1.656223e+00 
mod: hr, time: 5.597500e+02, diff: 2.127660e+00 
mod: hr, time: 5.617500e+02, diff: 1.518375e+01 
mod: hr, time: 5.627500e+02, diff: 5.494500e-01 
mod: hr, time: 5.707500e+02, diff: 3.488373e+00 
mod: hr, time: 5.742500e+02, diff: 6.310680e+00 
mod: hr, time: 5.762500e+02, diff: 1.234310e+01 
mod: hr, time: 5.777500e+02, diff: 1.836555e+01 
mod: hr, time: 5.797500e+02, diff: 1.414343e+01 
mod: hr, time: 5.822500e+02, diff: 5.390335e+00 
mod: hr, time: 5.837500e+02, diff: 1.288660e+01 
mod: hr, time: 5.892500e+02, diff: 7.796013e+00 
mod: hr, time: 5.907500e+02, diff: 1.629213e+01 
mod: hr, time: 5.927500e+02, diff: 1.912521e+01 
mod: hr, time: 5.942500e+02, diff: 6.521740e+00 
mod: hr, time: 5.957500e+02, diff: 1.035242e+01 
mod: hr, time: 5.972500e+02, diff: 1.234310e+01 
mod: hr, time: 6.022500e+02, diff: 1.733212e+01 
mod: hr, time: 6.032500e+02, diff: 3.002610e+00 
mod: hr, time: 6.057500e+02, diff: 2.755905e+00 
mod: hr, time: 6.092500e+02, diff: 1.095445e+01 
mod: hr, time: 6.107500e+02, diff: 7.845432e+00 
mod: hr, time: 6.157500e+02, diff: 7.746480e+00 
mod: hr, time: 6.197500e+02, diff: 1.226415e+01 
mod: hr, time: 6.212500e+02, diff: 1.052632e+01 
mod: hr, time: 6.227500e+02, diff: 1.250000e+01 
mod: hr, time: 6.267500e+02, diff: 1.666667e+01 
mod: hr, time: 6.302500e+02, diff: 3.246754e+00 
mod: hr, time: 6.367500e+02, diff: 1.103896e+01 
mod: hr, time: 6.382500e+02, diff: 1.069869e+01 
mod: hr, time: 6.412500e+02, diff: 1.477495e+01 
mod: hr, time: 6.427500e+02, diff: 1.086956e+01 
mod: hr, time: 6.482500e+02, diff: 9.536800e-01 
mod: hr, time: 6.522500e+02, diff: 1.750903e+01 
mod: hr, time: 6.537500e+02, diff: 1.635514e+01 
mod: hr, time: 6.602500e+02, diff: 1.525097e+01 
mod: hr, time: 6.637500e+02, diff: 2.380950e+00 
mod: hr, time: 6.652500e+02, diff: 1.017699e+01 
mod: hr, time: 6.677500e+02, diff: 10 
mod: hr, time: 6.692500e+02, diff: 1.242171e+01 
mod: hr, time: 6.732500e+02, diff: 1.648045e+01 
mod: hr, time: 6.762500e+02, diff: 1.385542e+01 
mod: hr, time: 6.807500e+02, diff: 9.910910e+00 
mod: hr, time: 6.822500e+02, diff: 7.345970e+00 
mod: hr, time: 6.892500e+02, diff: 5.223880e+00 
mod: hr, time: 6.907500e+02, diff: 1.218487e+01 
mod: hr, time: 6.922500e+02, diff: 1.194503e+01 
mod: hr, time: 6.992500e+02, diff: 1.226415e+01 
mod: hr, time: 7.047500e+02, diff: 4.773870e+00 
mod: hr, time: 7.062500e+02, diff: 1.112311e+01 
mod: hr, time: 7.112500e+02, diff: 1.774950e+00 
mod: hr, time: 7.132500e+02, diff: 1.551724e+01 
mod: hr, time: 7.157500e+02, diff: 8.236660e+00 
mod: hr, time: 7.187500e+02, diff: 8.573074e+00 
mod: hr, time: 7.202500e+02, diff: 9.641254e+00 
mod: hr, time: 7.217500e+02, diff: 1.210526e+01 
mod: hr, time: 7.232500e+02, diff: 1.112311e+01 
mod: hr, time: 7.247500e+02, diff: 8.429560e+00 
mod: hr, time: 7.262500e+02, diff: 8.525345e+00 
mod: hr, time: 7.327500e+02, diff: 1.791444e+01 
mod: hr, time: 7.337500e+02, diff: 3.125000e+00 
mod: hr, time: 7.352500e+02, diff: 7.547170e+00 
mod: hr, time: 7.382500e+02, diff: 5.445545e+00 
mod: hr, time: 7.397500e+02, diff: 1.265560e+01 
mod: hr, time: 7.452500e+02, diff: 5.990220e+00 
mod: hr, time: 7.472500e+02, diff: 1.779964e+01 
mod: hr, time: 7.487500e+02, diff: 1.257796e+01 
mod: hr, time: 7.507500e+02, diff: 1.989967e+01 
mod: hr, time: 7.527500e+02, diff: 1.610170e+01 
mod: hr, time: 7.547500e+02, diff: 1.979866e+01 
mod: hr, time: 7.562500e+02, diff: 1.326530e+01 
mod: hr, time: 7.652500e+02, diff: 2.920662e+00 
mod: hr, time: 7.667500e+02, diff: 1.145610e+01 
mod: hr, time: 7.687500e+02, diff: 1.551724e+01 
mod: hr, time: 7.712500e+02, diff: 4.773870e+00 
mod: hr, time: 7.727500e+02, diff: 8.236660e+00 
mod: hr, time: 7.767500e+02, diff: 9.459460e+00 
mod: hr, time: 7.812500e+02, diff: 9.459460e+00 
mod: hr, time: 7.827500e+02, diff: 1.518375e+01 
mod: hr, time: 7.847500e+02, diff: 1.504854e+01 
mod: hr, time: 7.862500e+02, diff: 1.739130e+01 
mod: hr, time: 7.877500e+02, diff: 5.494500e-01 
mod: hr, time: 7.892500e+02, diff: 9.731544e+00 
mod: hr, time: 7.902500e+02, diff: 4.081635e+00 
mod: hr, time: 7.927500e+02, diff: 1.120690e+01 
mod: hr, time: 7.947500e+02, diff: 1.498054e+01 
mod: hr, time: 7.962500e+02, diff: 1.250000e+01 
mod: hr, time: 7.977500e+02, diff: 5.773956e+00 
mod: hr, time: 7.992500e+02, diff: 1.162047e+01 
mod: hr, time: 8.002500e+02, diff: 5.334988e+00 
mod: hr, time: 8.017500e+02, diff: 3.727505e+00 
mod: hr, time: 8.157500e+02, diff: 4.132230e-01 
mod: hr, time: 8.172500e+02, diff: 10 
mod: hr, time: 8.192500e+02, diff: 1.008869e+01 
mod: hr, time: 8.217500e+02, diff: 1.385040e-01 
mod: hr, time: 8.287500e+02, diff: 2.443860e+00 
mod: hr, time: 8.367500e+02, diff: 1.830986e+01 
mod: hr, time: 8.382500e+02, diff: 5.112220e+00 
mod: hr, time: 8.397500e+02, diff: 3.002610e+00 
mod: hr, time: 8.422500e+02, diff: 6.574184e+00 
mod: hr, time: 8.442500e+02, diff: 1.785714e+01 
mod: hr, time: 8.457500e+02, diff: 1.153846e+01 
mod: hr, time: 8.472500e+02, diff: 9.641254e+00 
mod: hr, time: 8.487500e+02, diff: 8.715595e+00 
mod: hr, time: 8.677500e+02, diff: 1.218487e+01 
mod: hr, time: 8.812500e+02, diff: 1.484375e+01 
mod: hr, time: 8.867500e+02, diff: 7.943924e+00 
mod: hr, time: 8.887500e+02, diff: 1.768402e+01 
mod: hr, time: 8.902500e+02, diff: 1.112311e+01 
mod: hr, time: 8.922500e+02, diff: 1.666667e+01 
mod: hr, time: 8.937500e+02, diff: 1.449704e+01 
mod: hr, time: 8.952500e+02, diff: 5.334988e+00 
mod: hr, time: 8.987500e+02, diff: 3.125000e+00 
mod: hr, time: 9.007500e+02, diff: 1.538462e+01 
mod: hr, time: 9.022500e+02, diff: 8.139534e+00 
mod: hr, time: 9.037500e+02, diff: 7.746480e+00 
mod: hr, time: 9.052500e+02, diff: 1.170213e+01 
mod: hr, time: 9.062500e+02, diff: 3.125000e+00 
mod: hr, time: 9.092500e+02, diff: 9.276016e+00 
mod: hr, time: 9.107500e+02, diff: 2.755905e+00 
mod: hr, time: 9.122500e+02, diff: 1.715329e+01 
mod: hr, time: 9.137500e+02, diff: 5.990220e+00 
mod: hr, time: 9.162500e+02, diff: 4.314720e+00 
mod: hr, time: 9.172500e+02, diff: 6.849330e-01 
mod: hr, time: 9.197500e+02, diff: 8.196700e-01 
mod: hr, time: 9.232500e+02, diff: 8.810070e+00 
mod: hr, time: 9.252500e+02, diff: 1.178344e+01 
mod: hr, time: 9.292500e+02, diff: 8.236660e+00 
mod: hr, time: 9.357500e+02, diff: 1.035242e+01 
mod: hr, time: 9.372500e+02, diff: 1.095445e+01 
mod: hr, time: 9.397500e+02, diff: 1.257796e+01 
mod: hr, time: 9.407500e+02, diff: 6.849330e-01 
mod: hr, time: 9.442500e+02, diff: 2.074700e-01 
mod: hr, time: 9.467500e+02, diff: 7.547170e+00 
mod: hr, time: 9.482500e+02, diff: 1.112311e+01 
mod: hr, time: 9.527500e+02, diff: 7.943924e+00 
mod: hr, time: 9.572500e+02, diff: 1.095445e+01 
mod: hr, time: 9.587500e+02, diff: 1.257796e+01 
mod: hr, time: 9.627500e+02, diff: 14 
mod: hr, time: 9.642500e+02, diff: 8.810070e+00 
mod: hr, time: 9.742500e+02, diff: 8.867700e-01 
mod: hr, time: 9.762500e+02, diff: 1.280992e+01 
mod: hr, time: 9.807500e+02, diff: 2.127660e+00 
mod: hr, time: 9.822500e+02, diff: 9.910910e+00 
mod: hr, time: 9.862500e+02, diff: 1.153846e+01 
mod: hr, time: 9.902500e+02, diff: 6.765410e+00 
mod: hr, time: 9.942500e+02, diff: 6.133224e+00 
mod: hr, time: 1.003750e+03, diff: 2.034596e+01 
mod: hr, time: 1.012750e+03, diff: 1.137339e+01 
mod: hr, time: 1.019250e+03, diff: 1.095445e+01 
mod: hr, time: 1.022750e+03, diff: 1.280992e+01 
mod: hr, time: 1.024250e+03, diff: 4.314720e+00 
mod: hr, time: 1.027750e+03, diff: 1.170213e+01 
mod: hr, time: 1.029250e+03, diff: 8.810070e+00 
mod: hr, time: 1.033750e+03, diff: 1.622889e+01 
mod: hr, time: 1.040750e+03, diff: 4.773870e+00 
mod: hr, time: 1.042250e+03, diff: 9.276016e+00 
mod: hr, time: 1.044250e+03, diff: 1.463654e+01 
mod: hr, time: 1.045750e+03, diff: 1.120690e+01 
mod: hr, time: 1.053750e+03, diff: 5.334988e+00 
mod: hr, time: 1.054750e+03, diff: 3.964195e+00 
mod: hr, time: 1.058250e+03, diff: 3.125000e+00 
mod: hr, time: 1.062250e+03, diff: 1.526030e+00 
mod: hr, time: 1.066250e+03, diff: 6.345997e+00 
mod: hr, time: 1.069750e+03, diff: 1.477495e+01 
mod: hr, time: 1.071250e+03, diff: 1.635514e+01 
mod: hr, time: 1.073250e+03, diff: 1.933561e+01 
mod: hr, time: 1.075250e+03, diff: 1.727273e+01 
mod: hr, time: 1.076250e+03, diff: 4.659950e+00 
mod: hr, time: 1.079750e+03, diff: 1.242171e+01 
mod: hr, time: 1.080750e+03, diff: 2 
mod: hr, time: 1.082750e+03, diff: 1.880416e+01 
mod: hr, time: 1.084250e+03, diff: 1.303901e+01 
mod: hr, time: 1.085750e+03, diff: 8.904110e+00 
mod: hr, time: 1.087750e+03, diff: 1.648045e+01 
mod: hr, time: 1.090250e+03, diff: 4.022987e+00 
mod: hr, time: 1.091750e+03, diff: 8.333332e+00 
mod: hr, time: 1.095750e+03, diff: 1.750903e+01 
mod: hr, time: 1.099750e+03, diff: 1.008869e+01 
mod: hr, time: 1.101250e+03, diff: 1.610170e+01 
mod: hr, time: 1.103250e+03, diff: 1.802842e+01 
mod: hr, time: 1.105250e+03, diff: 1.709323e+01 
mod: hr, time: 1.106750e+03, diff: 9.367947e+00 
mod: hr, time: 1.109250e+03, diff: 4.198475e+00 
mod: hr, time: 1.113750e+03, diff: 4.132230e-01 
mod: hr, time: 1.115750e+03, diff: 1.733212e+01 
mod: hr, time: 1.117250e+03, diff: 2.879580e+00 
mod: hr, time: 1.118250e+03, diff: 6.097560e+00 
mod: hr, time: 1.120250e+03, diff: 1.814159e+01 
mod: hr, time: 1.122250e+03, diff: 1.678967e+01 
mod: hr, time: 1.127250e+03, diff: 1.785714e+01 
mod: hr, time: 1.138250e+03, diff: 9.367947e+00 
mod: hr, time: 1.139750e+03, diff: 7.244656e+00 
mod: hr, time: 1.143250e+03, diff: 1.871660e+00 
mod: hr, time: 1.144250e+03, diff: 7.142857e+00 
mod: hr, time: 1.148250e+03, diff: 1.351353e+00 
mod: hr, time: 1.149750e+03, diff: 1.153846e+01 
mod: hr, time: 1.151250e+03, diff: 1.202532e+01 
mod: hr, time: 1.153750e+03, diff: 5.223880e+00 
mod: hr, time: 1.155750e+03, diff: 1.511628e+01 
mod: hr, time: 1.165750e+03, diff: 2 
mod: hr, time: 1.168250e+03, diff: 4.081635e+00 
mod: hr, time: 1.174750e+03, diff: 6.204380e+00 
mod: hr, time: 1.176250e+03, diff: 6.626507e+00 
mod: hr, time: 1.177250e+03, diff: 2.762400e-01 
mod: hr, time: 1.179250e+03, diff: 1.378270e+01 
mod: hr, time: 1.183250e+03, diff: 6.204380e+00 
mod: hr, time: 1.184750e+03, diff: 5.223880e+00 
mod: hr, time: 1.188250e+03, diff: 9.183674e+00 
mod: hr, time: 1.189750e+03, diff: 1.356275e+01 
mod: hr, time: 1.197250e+03, diff: 5.494500e-01 
mod: hr, time: 1.201750e+03, diff: 1.219513e+00 
mod: hr, time: 1.203250e+03, diff: 1.612904e+00 
mod: hr, time: 1.204250e+03, diff: 2.879580e+00 
mod: hr, time: 1.205750e+03, diff: 3.727505e+00 
mod: hr, time: 1.208250e+03, diff: 8.429560e+00 
mod: hr, time: 1.213750e+03, diff: 1.265560e+01 
mod: hr, time: 1.221750e+03, diff: 2.380950e+00 
mod: hr, time: 1.226750e+03, diff: 4.887220e+00 
mod: hr, time: 1.228250e+03, diff: 7.244656e+00 
mod: hr, time: 1.237250e+03, diff: 1.518375e+01 
mod: hr, time: 1.244250e+03, diff: 1.078431e+01 
mod: hr, time: 1.248250e+03, diff: 7.647060e+00 
mod: hr, time: 1.249750e+03, diff: 1.414343e+01 
mod: hr, time: 1.257750e+03, diff: 1.577947e+01 
mod: hr, time: 1.259250e+03, diff: 1.095445e+01 
mod: hr, time: 1.260750e+03, diff: 6.521740e+00 
mod: hr, time: 1.265250e+03, diff: 1.285522e+00 
mod: hr, time: 1.266750e+03, diff: 1.008869e+01 
mod: hr, time: 1.278750e+03, diff: 1.303901e+01 
mod: hr, time: 1.280250e+03, diff: 3.125000e+00 
mod: hr, time: 1.283750e+03, diff: 1.170213e+01 
mod: hr, time: 1.287250e+03, diff: 1.370968e+01 
mod: hr, time: 1.307250e+03, diff: 2.380950e+00 
mod: hr, time: 1.311750e+03, diff: 2.631580e+00 
mod: hr, time: 1.315250e+03, diff: 1.069869e+01 
mod: hr, time: 1.334250e+03, diff: 9.821430e+00 
mod: hr, time: 1.343250e+03, diff: 6.849330e-01 
mod: hr, time: 1.351250e+03, diff: 5.665024e+00 
mod: hr, time: 1.364250e+03, diff: 1.311475e+01 
mod: hr, time: 1.382250e+03, diff: 5.773956e+00 
mod: hr, time: 1.383750e+03, diff: 1.370968e+01 
mod: hr, time: 1.386250e+03, diff: 1.935913e+00 
mod: hr, time: 1.391250e+03, diff: 1.577947e+01 
mod: hr, time: 1.399250e+03, diff: 2.762400e-01 
mod: hr, time: 1.401750e+03, diff: 1.078431e+01 
mod: hr, time: 1.402750e+03, diff: 2.127660e+00 
mod: hr, time: 1.404750e+03, diff: 1.590909e+01 
mod: hr, time: 1.407750e+03, diff: 4.773870e+00 
mod: hr, time: 1.411250e+03, diff: 4.430378e+00 
mod: hr, time: 1.422250e+03, diff: 1.491228e+01 
mod: hr, time: 1.425250e+03, diff: 8.715595e+00 
mod: hr, time: 1.427250e+03, diff: 1.750903e+01 
mod: hr, time: 1.428750e+03, diff: 1.470588e+01 
mod: hr, time: 1.430250e+03, diff: 1.326530e+01 
mod: hr, time: 1.431750e+03, diff: 6.937798e+00 
mod: hr, time: 1.434750e+03, diff: 8.762886e+00 
mod: hr, time: 1.436250e+03, diff: 1.456693e+01 
mod: hr, time: 1.440250e+03, diff: 1.526030e+00 
mod: hr, time: 1.441750e+03, diff: 1.616541e+01 
mod: hr, time: 1.443750e+03, diff: 1.666667e+01 
mod: hr, time: 1.445750e+03, diff: 1.791444e+01 
mod: hr, time: 1.447250e+03, diff: 1.808511e+01 
mod: hr, time: 1.449250e+03, diff: 1.334012e+01 
mod: hr, time: 1.451250e+03, diff: 1.880416e+01 
mod: hr, time: 1.452750e+03, diff: 1.830986e+01 
mod: hr, time: 1.454750e+03, diff: 1.641791e+01 
mod: hr, time: 1.456250e+03, diff: 1.477495e+01 
mod: hr, time: 1.459750e+03, diff: 5.773956e+00 
mod: hr, time: 1.461250e+03, diff: 8.525345e+00 
mod: hr, time: 1.462750e+03, diff: 1.385542e+01 
mod: hr, time: 1.464750e+03, diff: 1.964587e+01 
mod: hr, time: 1.466750e+03, diff: 1.949153e+01 
mod: hr, time: 1.468750e+03, diff: 1.558318e+01 
mod: hr, time: 1.477250e+03, diff: 7.845432e+00 
mod: hr, time: 1.479250e+03, diff: 1.648045e+01 
mod: hr, time: 1.480250e+03, diff: 8.333332e+00 
mod: hr, time: 1.482750e+03, diff: 7.746480e+00 
mod: hr, time: 1.496750e+03, diff: 7.547170e+00 
mod: hr, time: 1.501750e+03, diff: 6.416466e+00 
mod: hr, time: 1.516250e+03, diff: 3.367874e+00 
mod: hr, time: 1.518250e+03, diff: 1.666667e+01 
mod: hr, time: 1.519750e+03, diff: 9.731544e+00 
mod: hr, time: 1.522250e+03, diff: 8.715595e+00 
mod: hr, time: 1.523250e+03, diff: 4.314720e+00 
mod: hr, time: 1.525750e+03, diff: 5.223880e+00 
mod: hr, time: 1.527250e+03, diff: 6.416466e+00 
mod: hr, time: 1.528750e+03, diff: 7.244656e+00 
mod: hr, time: 1.529750e+03, diff: 6.310680e+00 
mod: hr, time: 1.539750e+03, diff: 7.547170e+00 
mod: hr, time: 1.543250e+03, diff: 1.351353e+00 
mod: hr, time: 1.548250e+03, diff: 1.086956e+00 
mod: hr, time: 1.557250e+03, diff: 1.086956e+00 
mod: hr, time: 1.561750e+03, diff: 1.880416e+01 
mod: hr, time: 1.564750e+03, diff: 9.731544e+00 
mod: hr, time: 1.566750e+03, diff: 2.077922e+01 
mod: hr, time: 1.568750e+03, diff: 1.836555e+01 
mod: hr, time: 1.572250e+03, diff: 1.691177e+01 
mod: hr, time: 1.579750e+03, diff: 6.989246e+00 
mod: hr, time: 1.581750e+03, diff: 1.928328e+01 
mod: hr, time: 1.583750e+03, diff: 1.984925e+01 
mod: hr, time: 1.585750e+03, diff: 1.979866e+01 
mod: hr, time: 1.587250e+03, diff: 1.802842e+01 
mod: hr, time: 1.595250e+03, diff: 1.112311e+01 
mod: hr, time: 1.596250e+03, diff: 3.727505e+00 
mod: hr, time: 1.597750e+03, diff: 1.385040e-01 
mod: hr, time: 1.599250e+03, diff: 1.551724e+01 
mod: hr, time: 1.611250e+03, diff: 2.755905e+00 
mod: hr, time: 1.627250e+03, diff: 3.488373e+00 
mod: hr, time: 1.629250e+03, diff: 1.577947e+01 
mod: hr, time: 1.694250e+03, diff: 5.555557e+00 
mod: hr, time: 1.696750e+03, diff: 2.506596e+00 
mod: hr, time: 1.709750e+03, diff: 3.786907e+00 
mod: hr, time: 1.712250e+03, diff: 1.935913e+00 
mod: hr, time: 1.713750e+03, diff: 1.463654e+01 
mod: hr, time: 1.715250e+03, diff: 6.626507e+00 
mod: hr, time: 1.716250e+03, diff: 5.223880e+00 
mod: hr, time: 1.719750e+03, diff: 5.494500e-01 
mod: hr, time: 1.721250e+03, diff: 7.845432e+00 
mod: hr, time: 1.722250e+03, diff: 4.659950e+00 
mod: hr, time: 1.733250e+03, diff: 1.008869e+01 
mod: hr, time: 1.748750e+03, diff: 1.421471e+01 
mod: hr, time: 1.750250e+03, diff: 7.244656e+00 
mod: hr, time: 1.770250e+03, diff: 1.218487e+01 
mod: hr, time: 1.780250e+03, diff: 5.112220e+00 
mod: hr, time: 1.791250e+03, diff: 9.367947e+00 
mod: hr, time: 1.792750e+03, diff: 5.334988e+00 
mod: hr, time: 1.794750e+03, diff: 1.685083e+01 
mod: hr, time: 1.801250e+03, diff: 7.943924e+00 
mod: hr, time: 1.803750e+03, diff: 4.256670e+00 
mod: hr, time: 1.806750e+03, diff: 9.137344e+00 
mod: hr, time: 1.808750e+03, diff: 1.745027e+01 
mod: hr, time: 1.812250e+03, diff: 1.547780e+00 
mod: hr, time: 1.814250e+03, diff: 1.597353e+01 
mod: hr, time: 1.815750e+03, diff: 1.880416e+01 
mod: hr, time: 1.818250e+03, diff: 3.246754e+00 
mod: hr, time: 1.823250e+03, diff: 5.279503e+00 
mod: hr, time: 1.828750e+03, diff: 1.273292e+01 
mod: hr, time: 1.830250e+03, diff: 1.250000e+01 
mod: hr, time: 1.831750e+03, diff: 1.069869e+01 
mod: hr, time: 1.833250e+03, diff: 1.052632e+01 
mod: hr, time: 1.834250e+03, diff: 2.254642e+00 
mod: hr, time: 1.835750e+03, diff: 3.246754e+00 
mod: hr, time: 1.837250e+03, diff: 2.631580e+00 
mod: hr, time: 1.845250e+03, diff: 1.257796e+01 
mod: hr, time: 1.846250e+03, diff: 4.545456e+00 
mod: hr, time: 1.851250e+03, diff: 3.846153e+00 
mod: hr, time: 1.855250e+03, diff: 1.697248e+01 
mod: hr, time: 1.858250e+03, diff: 6.204380e+00 
mod: hr, time: 1.861750e+03, diff: 1.026490e+01 
mod: hr, time: 1.864250e+03, diff: 3.727505e+00 
mod: hr, time: 1.927750e+03, diff: 1.288660e+01 
mod: hr, time: 1.929250e+03, diff: 1.351353e+00 
mod: hr, time: 1.931250e+03, diff: 1.612904e+00 
mod: hr, time: 1.932750e+03, diff: 9.731544e+00 
mod: hr, time: 1.939250e+03, diff: 1.257796e+01 
mod: hr, time: 1.946750e+03, diff: 5.665024e+00 
mod: hr, time: 1.948250e+03, diff: 3.727505e+00 
mod: hr, time: 1.956750e+03, diff: 8.997723e+00 
mod: hr, time: 1.964250e+03, diff: 9.090908e+00 
mod: hr, time: 1.966250e+03, diff: 1.035242e+01 
mod: hr, time: 1.988250e+03, diff: 1.202532e+01 
mod: hr, time: 1.990250e+03, diff: 5.112220e+00 
mod: hr, time: 1.996250e+03, diff: 1.378270e+01 
mod: hr, time: 1.998250e+03, diff: 4.081635e+00 
mod: hr, time: 2.008250e+03, diff: 14 
mod: hr, time: 2.014750e+03, diff: 1.026490e+01 
mod: hr, time: 2.017250e+03, diff: 5.990220e+00 
mod: hr, time: 2.020750e+03, diff: 6.521740e+00 
mod: hr, time: 2.024250e+03, diff: 2.762400e-01 
mod: hr, time: 2.026750e+03, diff: 10 
mod: hr, time: 2.043250e+03, diff: 1.482480e+00 
mod: hr, time: 2.056250e+03, diff: 1.043956e+01 
mod: hr, time: 2.090250e+03, diff: 6.834534e+00 
mod: hr, time: 2.093250e+03, diff: 3.488373e+00 
mod: hr, time: 2.146750e+03, diff: 1.577947e+01 
mod: hr, time: 2.209750e+03, diff: 9.641254e+00 
mod: hr, time: 2.217250e+03, diff: 1.226415e+01 
mod: hr, time: 2.218750e+03, diff: 2.762400e-01 
mod: hr, time: 2.221250e+03, diff: 1.341463e+01 
mod: hr, time: 2.243750e+03, diff: 1.086956e+01 
mod: hr, time: 2.257250e+03, diff: 1.435643e+01 
mod: hr, time: 2.264250e+03, diff: 8.429560e+00 
mod: hr, time: 2.265750e+03, diff: 7.943924e+00 
mod: hr, time: 2.275250e+03, diff: 4.887220e+00 
mod: hr, time: 2.282250e+03, diff: 7.547170e+00 
mod: hr, time: 2.284250e+03, diff: 1.577947e+01 
mod: hr, time: 2.285750e+03, diff: 5 
mod: hr, time: 2.288250e+03, diff: 8.715595e+00 
mod: hr, time: 2.306750e+03, diff: 3.548386e+00 
mod: hr, time: 2.308250e+03, diff: 1.218487e+01 
mod: hr, time: 2.316250e+03, diff: 1.008869e+01 
mod: hr, time: 2.317250e+03, diff: 4.198475e+00 
mod: hr, time: 2.318750e+03, diff: 4.132230e-01 
mod: temp, time: "5.250000e+00", diff: "1.243422e+00" 
---------------------------------------
